<?xml version="1.0" encoding="UTF-8"?>
<!-- Generated by org.testng.reporters.JUnitXMLReporter -->
<testsuite ignored="0" hostname="DESKTOP-ASU5UF1" failures="0" tests="6" name="Test(failed)(failed)" time="0.287" errors="0" timestamp="2026-03-06T16:23:20 IST">
  <testcase classname="TestNG.TestNG.BaseTest" name="@BeforeSuite setupSuite" time="16.87">
    <failure type="org.openqa.selenium.NoSuchElementException" message="no such element: Unable to locate element: {&amp;quot;method&amp;quot;:&amp;quot;xpath&amp;quot;,&amp;quot;selector&amp;quot;:&amp;quot;//li[@class=&amp;apos;main-h-profile&amp;apos;]//div[@id=&amp;apos;dropdown-basic&amp;apos;]&amp;quot;}
  (Session info: chrome=145.0.7632.117)
For documentation on this error, please visit: https://www.selenium.dev/documentation/webdriver/troubleshooting/errors#no-such-element-exception
Build info: version: &amp;apos;4.35.0&amp;apos;, revision: &amp;apos;1c58e5028b&amp;apos;
System info: os.name: &amp;apos;Windows 11&amp;apos;, os.arch: &amp;apos;amd64&amp;apos;, os.version: &amp;apos;10.0&amp;apos;, java.version: &amp;apos;23.0.1&amp;apos;
Driver info: org.openqa.selenium.chrome.ChromeDriver
Command: [c2ed9e795cb526a9b489e818868042ca, findElement {using=xpath, value=//li[@class=&amp;apos;main-h-profile&amp;apos;]//div[@id=&amp;apos;dropdown-basic&amp;apos;]}]
Capabilities {acceptInsecureCerts: false, browserName: chrome, browserVersion: 145.0.7632.117, chrome: {chromedriverVersion: 145.0.7632.117 (de4e5d6e13b..., userDataDir: C:\Users\DELL\AppData\Local...}, fedcm:accounts: true, goog:chromeOptions: {debuggerAddress: localhost:62301}, goog:processID: 2608, networkConnectionEnabled: false, pageLoadStrategy: normal, platformName: windows, proxy: Proxy(), se:cdp: ws://localhost:62301/devtoo..., se:cdpVersion: 145.0.7632.117, setWindowRect: true, strictFileInteractability: false, timeouts: {implicit: 0, pageLoad: 300000, script: 30000}, unhandledPromptBehavior: dismiss and notify, webauthn:extension:credBlob: true, webauthn:extension:largeBlob: true, webauthn:extension:minPinLength: true, webauthn:extension:prf: true, webauthn:virtualAuthenticators: true}
Session ID: c2ed9e795cb526a9b489e818868042ca">
      <![CDATA[org.openqa.selenium.NoSuchElementException: no such element: Unable to locate element: {"method":"xpath","selector":"//li[@class='main-h-profile']//div[@id='dropdown-basic']"}
  (Session info: chrome=145.0.7632.117)
For documentation on this error, please visit: https://www.selenium.dev/documentation/webdriver/troubleshooting/errors#no-such-element-exception
Build info: version: '4.35.0', revision: '1c58e5028b'
System info: os.name: 'Windows 11', os.arch: 'amd64', os.version: '10.0', java.version: '23.0.1'
Driver info: org.openqa.selenium.chrome.ChromeDriver
Command: [c2ed9e795cb526a9b489e818868042ca, findElement {using=xpath, value=//li[@class='main-h-profile']//div[@id='dropdown-basic']}]
Capabilities {acceptInsecureCerts: false, browserName: chrome, browserVersion: 145.0.7632.117, chrome: {chromedriverVersion: 145.0.7632.117 (de4e5d6e13b..., userDataDir: C:\Users\DELL\AppData\Local...}, fedcm:accounts: true, goog:chromeOptions: {debuggerAddress: localhost:62301}, goog:processID: 2608, networkConnectionEnabled: false, pageLoadStrategy: normal, platformName: windows, proxy: Proxy(), se:cdp: ws://localhost:62301/devtoo..., se:cdpVersion: 145.0.7632.117, setWindowRect: true, strictFileInteractability: false, timeouts: {implicit: 0, pageLoad: 300000, script: 30000}, unhandledPromptBehavior: dismiss and notify, webauthn:extension:credBlob: true, webauthn:extension:largeBlob: true, webauthn:extension:minPinLength: true, webauthn:extension:prf: true, webauthn:virtualAuthenticators: true}
Session ID: c2ed9e795cb526a9b489e818868042ca
at org.openqa.selenium.remote.ErrorCodec.decode(ErrorCodec.java:167)
at org.openqa.selenium.remote.codec.w3c.W3CHttpResponseCodec.decode(W3CHttpResponseCodec.java:138)
at org.openqa.selenium.remote.codec.w3c.W3CHttpResponseCodec.decode(W3CHttpResponseCodec.java:50)
at org.openqa.selenium.remote.HttpCommandExecutor.execute(HttpCommandExecutor.java:215)
at org.openqa.selenium.remote.service.DriverCommandExecutor.invokeExecute(DriverCommandExecutor.java:216)
at org.openqa.selenium.remote.service.DriverCommandExecutor.execute(DriverCommandExecutor.java:174)
at org.openqa.selenium.remote.RemoteWebDriver.execute(RemoteWebDriver.java:557)
at org.openqa.selenium.remote.ElementLocation$ElementFinder$2.findElement(ElementLocation.java:165)
at org.openqa.selenium.remote.ElementLocation.findElement(ElementLocation.java:59)
at org.openqa.selenium.remote.RemoteWebDriver.findElement(RemoteWebDriver.java:380)
at org.openqa.selenium.remote.RemoteWebDriver.findElement(RemoteWebDriver.java:374)
at Buktec.LogIn.entityselection(LogIn.java:53)
at TestNG.TestNG.BaseTest.setupSuite(BaseTest.java:34)
... Removed 20 stack frames]]>
    </failure>
  </testcase> <!-- @BeforeSuite setupSuite -->
  <testcase classname="TestNG.TestNG.SnapshotTest" name="@BeforeClass init" time="0.0">
    <skipped/>
  </testcase> <!-- @BeforeClass init -->
  <testcase classname="TestNG.TestNG.SnapshotTest" name="createSnapshot" time="0.0">
    <skipped/>
  </testcase> <!-- createSnapshot -->
  <testcase classname="TestNG.TestNG.SnapshotTest" name="delete_snapshot" time="0.0">
    <skipped/>
  </testcase> <!-- delete_snapshot -->
  <testcase classname="TestNG.TestNG.SnapshotTest" name="Snapshot_quickentry" time="0.0">
    <skipped/>
  </testcase> <!-- Snapshot_quickentry -->
  <testcase classname="TestNG.TestNG.SnapshotTest" name="bulkaction" time="0.002">
    <skipped/>
  </testcase> <!-- bulkaction -->
  <testcase classname="TestNG.TestNG.SnapshotTest" name="ExcelImport" time="0.0">
    <skipped/>
  </testcase> <!-- ExcelImport -->
  <testcase classname="TestNG.TestNG.SnapshotTest" name="Bulk_Upload" time="0.0">
    <skipped/>
  </testcase> <!-- Bulk_Upload -->
</testsuite> <!-- Test(failed)(failed) -->
