<?xml version="1.0" encoding="UTF-8"?>
<!-- Generated by org.testng.reporters.JUnitXMLReporter -->
<testsuite ignored="0" hostname="DESKTOP-ASU5UF1" failures="0" tests="12" name="ChromeTest" time="404.982" errors="0" timestamp="2026-09-04T16:29:50 IST">
  <testcase classname="test.SnapshotTest" name="createSnapshot" time="9.416"/>
  <testcase classname="test.MoneylinkTest" name="open_moneylink" time="12.187"/>
  <testcase classname="test.SnapshotTest" name="delete_snapshot" time="7.022"/>
  <testcase classname="test.MoneylinkTest" name="reset_moneylinktransaction" time="35.698"/>
  <testcase classname="test.SnapshotTest" name="ExcelImport" time="54.501"/>
  <testcase classname="test.SnapshotTest" name="Snapshot_quickentry" time="27.287"/>
  <testcase classname="test.MoneylinkTest" name="single_transaction_accounting" time="36.535"/>
  <testcase classname="test.SnapshotTest" name="bulkaction" time="15.815"/>
  <testcase classname="test.MoneylinkTest" name="moneylink_quickentry" time="17.553"/>
  <testcase classname="test.SnapshotTest" name="Bulk_Upload" time="64.421"/>
  <testcase classname="test.MoneylinkTest" name="CR_Bulkentries" time="23.35"/>
  <testcase classname="test.SnapshotTest" name="Delete_SelectedSnapshot" time="16.475"/>
</testsuite> <!-- ChromeTest -->
