<?xml version="1.0" encoding="UTF-8"?>
<!-- Generated by org.testng.reporters.JUnitXMLReporter -->
<testsuite ignored="0" hostname="DESKTOP-ASU5UF1" failures="0" tests="5" name="ChromeTest" time="92.227" errors="0" timestamp="2026-09-09T13:38:41 IST">
  <testcase classname="test.DashboardTest" name="dashboard_module" time="20.195"/>
  <testcase classname="test.BankTest" name="OpenBankingModule" time="0.489"/>
  <testcase classname="test.BankTest" name="Addbank" time="6.702"/>
  <testcase classname="test.BankTest" name="update_Bank" time="7.679"/>
  <testcase classname="test.BankTest" name="deleteBank" time="7.177"/>
</testsuite> <!-- ChromeTest -->
