<?xml version="1.0" encoding="UTF-8"?>
<!-- Generated by org.testng.reporters.JUnitXMLReporter -->
<testsuite ignored="0" hostname="DESKTOP-ASU5UF1" failures="3" tests="12" name="EdgeTest" time="422.852" errors="0" timestamp="2026-09-04T16:30:06 IST">
  <testcase classname="test.SnapshotTest" name="createSnapshot" time="15.485"/>
  <testcase classname="test.MoneylinkTest" name="open_moneylink" time="13.005"/>
  <testcase classname="test.SnapshotTest" name="delete_snapshot" time="6.992"/>
  <testcase classname="test.MoneylinkTest" name="reset_moneylinktransaction" time="37.342"/>
  <testcase classname="test.SnapshotTest" name="ExcelImport" time="55.21"/>
  <testcase classname="test.SnapshotTest" name="Snapshot_quickentry" time="16.813">
    <failure type="java.lang.AssertionError" message="The following asserts failed:
	expected [Snapshot ledger entries saved successfully] but found [Quick Entry Not Supported]">
      <![CDATA[java.lang.AssertionError: The following asserts failed:
expected [Snapshot ledger entries saved successfully] but found [Quick Entry Not Supported]
at test.SnapshotTest.Snapshot_quickentry(SnapshotTest.java:68)
at java.base/java.util.ArrayList.forEach(ArrayList.java:1596)
at java.base/java.util.concurrent.FutureTask.run(FutureTask.java:317)
at java.base/java.util.concurrent.ThreadPoolExecutor.runWorker(ThreadPoolExecutor.java:1144)
at java.base/java.util.concurrent.ThreadPoolExecutor$Worker.run(ThreadPoolExecutor.java:642)
at java.base/java.lang.Thread.run(Thread.java:1583)
... Removed 17 stack frames]]>
    </failure>
  </testcase> <!-- Snapshot_quickentry -->
  <testcase classname="test.MoneylinkTest" name="single_transaction_accounting" time="50.402">
    <failure type="org.openqa.selenium.TimeoutException" message="Expected condition failed: waiting for element to be clickable: Proxy element for: DefaultElementLocator &amp;apos;By.xpath: //div[contains(text(),&amp;apos;Select voucher type&amp;apos;)]&amp;apos; (tried for 20 second(s) with 500 milliseconds interval)">
      <![CDATA[org.openqa.selenium.TimeoutException: Expected condition failed: waiting for element to be clickable: Proxy element for: DefaultElementLocator 'By.xpath: //div[contains(text(),'Select voucher type')]' (tried for 20 second(s) with 500 milliseconds interval)
at org.openqa.selenium.support.ui.WebDriverWait.timeoutException(WebDriverWait.java:84)
at org.openqa.selenium.support.ui.FluentWait.until(FluentWait.java:228)
at pages.Moneylink.moneylinksingletransaction(Moneylink.java:215)
at test.MoneylinkTest.single_transaction_accounting(MoneylinkTest.java:78)
at java.base/java.util.ArrayList.forEach(ArrayList.java:1596)
at java.base/java.util.concurrent.FutureTask.run(FutureTask.java:317)
at java.base/java.util.concurrent.ThreadPoolExecutor.runWorker(ThreadPoolExecutor.java:1144)
at java.base/java.util.concurrent.ThreadPoolExecutor$Worker.run(ThreadPoolExecutor.java:642)
at java.base/java.lang.Thread.run(Thread.java:1583)
Caused by: org.openqa.selenium.NoSuchElementException: no such element: Unable to locate element: {"method":"xpath","selector":"//div[contains(text(),'Select voucher type')]"}
  (Session info: MicrosoftEdge=149.0.4022.80)
For documentation on this error, please visit: https://www.selenium.dev/documentation/webdriver/troubleshooting/errors#no-such-element-exception
Build info: version: '4.35.0', revision: '1c58e5028b'
System info: os.name: 'Windows 11', os.arch: 'amd64', os.version: '10.0', java.version: '21.0.12'
Driver info: org.openqa.selenium.edge.EdgeDriver
Command: [f663597335d8372c45f98261d56f4e80, findElement {value=//div[contains(text(),'Select voucher type')], using=xpath}]
Capabilities {acceptInsecureCerts: false, browserName: MicrosoftEdge, browserVersion: 149.0.4022.80, fedcm:accounts: true, goog:processID: 12776, ms:edgeOptions: {debuggerAddress: localhost:59066}, msedge: {msedgedriverVersion: 149.0.4022.98 (d8414318246f..., userDataDir: C:\Users\DELL\AppData\Local...}, networkConnectionEnabled: false, pageLoadStrategy: normal, platformName: windows, proxy: Proxy(), se:cdp: ws://localhost:59066/devtoo..., se:cdpVersion: 149.0.4022.80, setWindowRect: true, strictFileInteractability: false, timeouts: {implicit: 0, pageLoad: 300000, script: 30000}, unhandledPromptBehavior: dismiss and notify, webauthn:extension:credBlob: true, webauthn:extension:largeBlob: true, webauthn:extension:minPinLength: true, webauthn:extension:prf: true, webauthn:virtualAuthenticators: true}
Session ID: f663597335d8372c45f98261d56f4e80
at org.openqa.selenium.remote.ErrorCodec.decode(ErrorCodec.java:167)
at org.openqa.selenium.remote.codec.w3c.W3CHttpResponseCodec.decode(W3CHttpResponseCodec.java:138)
at org.openqa.selenium.remote.codec.w3c.W3CHttpResponseCodec.decode(W3CHttpResponseCodec.java:50)
at org.openqa.selenium.remote.HttpCommandExecutor.execute(HttpCommandExecutor.java:215)
at org.openqa.selenium.remote.service.DriverCommandExecutor.invokeExecute(DriverCommandExecutor.java:216)
at org.openqa.selenium.remote.service.DriverCommandExecutor.execute(DriverCommandExecutor.java:174)
at org.openqa.selenium.remote.RemoteWebDriver.execute(RemoteWebDriver.java:557)
at org.openqa.selenium.remote.ElementLocation$ElementFinder$2.findElement(ElementLocation.java:165)
at org.openqa.selenium.remote.ElementLocation.findElement(ElementLocation.java:59)
at org.openqa.selenium.remote.RemoteWebDriver.findElement(RemoteWebDriver.java:380)
at org.openqa.selenium.remote.RemoteWebDriver.findElement(RemoteWebDriver.java:374)
at org.openqa.selenium.support.pagefactory.DefaultElementLocator.findElement(DefaultElementLocator.java:68)
at org.openqa.selenium.support.pagefactory.internal.LocatingElementHandler.invoke(LocatingElementHandler.java:38)
at jdk.proxy2/jdk.proxy2.$Proxy31.isDisplayed(Unknown Source)
at org.openqa.selenium.support.ui.ExpectedConditions.elementIfVisible(ExpectedConditions.java:304)
at org.openqa.selenium.support.ui.ExpectedConditions$10.apply(ExpectedConditions.java:290)
at org.openqa.selenium.support.ui.ExpectedConditions$10.apply(ExpectedConditions.java:287)
at org.openqa.selenium.support.ui.ExpectedConditions$23.apply(ExpectedConditions.java:656)
at org.openqa.selenium.support.ui.ExpectedConditions$23.apply(ExpectedConditions.java:652)
at org.openqa.selenium.support.ui.FluentWait.until(FluentWait.java:203)
... 22 more
... Removed 18 stack frames]]>
    </failure>
  </testcase> <!-- single_transaction_accounting -->
  <testcase classname="test.SnapshotTest" name="bulkaction" time="15.947"/>
  <testcase classname="test.MoneylinkTest" name="moneylink_quickentry" time="13.098">
    <failure type="org.openqa.selenium.NoSuchElementException" message="no such element: Unable to locate element: {&amp;quot;method&amp;quot;:&amp;quot;xpath&amp;quot;,&amp;quot;selector&amp;quot;:&amp;quot;//div[@class=&amp;apos;action-new-menu dropdown&amp;apos;]//button[@id=&amp;apos;dropdown-basic&amp;apos;]&amp;quot;}
  (Session info: MicrosoftEdge=149.0.4022.80)
For documentation on this error, please visit: https://www.selenium.dev/documentation/webdriver/troubleshooting/errors#no-such-element-exception
Build info: version: &amp;apos;4.35.0&amp;apos;, revision: &amp;apos;1c58e5028b&amp;apos;
System info: os.name: &amp;apos;Windows 11&amp;apos;, os.arch: &amp;apos;amd64&amp;apos;, os.version: &amp;apos;10.0&amp;apos;, java.version: &amp;apos;21.0.12&amp;apos;
Driver info: org.openqa.selenium.edge.EdgeDriver
Command: [f663597335d8372c45f98261d56f4e80, findElement {value=//div[@class=&amp;apos;action-new-menu dropdown&amp;apos;]//button[@id=&amp;apos;dropdown-basic&amp;apos;], using=xpath}]
Capabilities {acceptInsecureCerts: false, browserName: MicrosoftEdge, browserVersion: 149.0.4022.80, fedcm:accounts: true, goog:processID: 12776, ms:edgeOptions: {debuggerAddress: localhost:59066}, msedge: {msedgedriverVersion: 149.0.4022.98 (d8414318246f..., userDataDir: C:\Users\DELL\AppData\Local...}, networkConnectionEnabled: false, pageLoadStrategy: normal, platformName: windows, proxy: Proxy(), se:cdp: ws://localhost:59066/devtoo..., se:cdpVersion: 149.0.4022.80, setWindowRect: true, strictFileInteractability: false, timeouts: {implicit: 0, pageLoad: 300000, script: 30000}, unhandledPromptBehavior: dismiss and notify, webauthn:extension:credBlob: true, webauthn:extension:largeBlob: true, webauthn:extension:minPinLength: true, webauthn:extension:prf: true, webauthn:virtualAuthenticators: true}
Session ID: f663597335d8372c45f98261d56f4e80">
      <![CDATA[org.openqa.selenium.NoSuchElementException: no such element: Unable to locate element: {"method":"xpath","selector":"//div[@class='action-new-menu dropdown']//button[@id='dropdown-basic']"}
  (Session info: MicrosoftEdge=149.0.4022.80)
For documentation on this error, please visit: https://www.selenium.dev/documentation/webdriver/troubleshooting/errors#no-such-element-exception
Build info: version: '4.35.0', revision: '1c58e5028b'
System info: os.name: 'Windows 11', os.arch: 'amd64', os.version: '10.0', java.version: '21.0.12'
Driver info: org.openqa.selenium.edge.EdgeDriver
Command: [f663597335d8372c45f98261d56f4e80, findElement {value=//div[@class='action-new-menu dropdown']//button[@id='dropdown-basic'], using=xpath}]
Capabilities {acceptInsecureCerts: false, browserName: MicrosoftEdge, browserVersion: 149.0.4022.80, fedcm:accounts: true, goog:processID: 12776, ms:edgeOptions: {debuggerAddress: localhost:59066}, msedge: {msedgedriverVersion: 149.0.4022.98 (d8414318246f..., userDataDir: C:\Users\DELL\AppData\Local...}, networkConnectionEnabled: false, pageLoadStrategy: normal, platformName: windows, proxy: Proxy(), se:cdp: ws://localhost:59066/devtoo..., se:cdpVersion: 149.0.4022.80, setWindowRect: true, strictFileInteractability: false, timeouts: {implicit: 0, pageLoad: 300000, script: 30000}, unhandledPromptBehavior: dismiss and notify, webauthn:extension:credBlob: true, webauthn:extension:largeBlob: true, webauthn:extension:minPinLength: true, webauthn:extension:prf: true, webauthn:virtualAuthenticators: true}
Session ID: f663597335d8372c45f98261d56f4e80
at org.openqa.selenium.remote.ErrorCodec.decode(ErrorCodec.java:167)
at org.openqa.selenium.remote.codec.w3c.W3CHttpResponseCodec.decode(W3CHttpResponseCodec.java:138)
at org.openqa.selenium.remote.codec.w3c.W3CHttpResponseCodec.decode(W3CHttpResponseCodec.java:50)
at org.openqa.selenium.remote.HttpCommandExecutor.execute(HttpCommandExecutor.java:215)
at org.openqa.selenium.remote.service.DriverCommandExecutor.invokeExecute(DriverCommandExecutor.java:216)
at org.openqa.selenium.remote.service.DriverCommandExecutor.execute(DriverCommandExecutor.java:174)
at org.openqa.selenium.remote.RemoteWebDriver.execute(RemoteWebDriver.java:557)
at org.openqa.selenium.remote.ElementLocation$ElementFinder$2.findElement(ElementLocation.java:165)
at org.openqa.selenium.remote.ElementLocation.findElement(ElementLocation.java:59)
at org.openqa.selenium.remote.RemoteWebDriver.findElement(RemoteWebDriver.java:380)
at org.openqa.selenium.remote.RemoteWebDriver.findElement(RemoteWebDriver.java:374)
at org.openqa.selenium.support.pagefactory.DefaultElementLocator.findElement(DefaultElementLocator.java:68)
at org.openqa.selenium.support.pagefactory.internal.LocatingElementHandler.invoke(LocatingElementHandler.java:38)
at jdk.proxy2/jdk.proxy2.$Proxy31.click(Unknown Source)
at pages.Moneylink.moneylinkquickentry(Moneylink.java:386)
at test.MoneylinkTest.moneylink_quickentry(MoneylinkTest.java:101)
at java.base/java.util.ArrayList.forEach(ArrayList.java:1596)
at java.base/java.util.concurrent.FutureTask.run(FutureTask.java:317)
at java.base/java.util.concurrent.ThreadPoolExecutor.runWorker(ThreadPoolExecutor.java:1144)
at java.base/java.util.concurrent.ThreadPoolExecutor$Worker.run(ThreadPoolExecutor.java:642)
at java.base/java.lang.Thread.run(Thread.java:1583)
... Removed 18 stack frames]]>
    </failure>
  </testcase> <!-- moneylink_quickentry -->
  <testcase classname="test.SnapshotTest" name="Bulk_Upload" time="41.053"/>
  <testcase classname="test.MoneylinkTest" name="CR_Bulkentries" time="35.717"/>
  <testcase classname="test.SnapshotTest" name="Delete_SelectedSnapshot" time="17.293"/>
</testsuite> <!-- EdgeTest -->
