<?xml version="1.0" encoding="UTF-8"?>
<!-- Generated by org.testng.reporters.JUnitXMLReporter -->
<testsuite ignored="0" hostname="DESKTOP-ASU5UF1" failures="3" tests="5" name="FirefoxTest" time="258.625" errors="0" timestamp="2026-08-20T11:38:52 IST">
  <testcase classname="test.DashboardTest" name="dashboard_module" time="3.346">
    <failure type="org.openqa.selenium.ElementClickInterceptedException" message="element click intercepted: Element &amp;lt;a class=&amp;quot;text-decoration-none d-flex align-items-center&amp;quot; href=&amp;quot;/dashboard&amp;quot;&amp;gt;...&amp;lt;/a&amp;gt; is not clickable at point (32, 126). Other element would receive the click: &amp;lt;div role=&amp;quot;dialog&amp;quot; aria-modal=&amp;quot;true&amp;quot; class=&amp;quot;fade popup-model add-new-bank-model modal show&amp;quot; tabindex=&amp;quot;-1&amp;quot; style=&amp;quot;display: block;&amp;quot;&amp;gt;...&amp;lt;/div&amp;gt;
  (Session info: chrome=151.0.7922.138)
Build info: version: &amp;apos;4.35.0&amp;apos;, revision: &amp;apos;1c58e5028b&amp;apos;
System info: os.name: &amp;apos;Windows 11&amp;apos;, os.arch: &amp;apos;amd64&amp;apos;, os.version: &amp;apos;10.0&amp;apos;, java.version: &amp;apos;21.0.12&amp;apos;
Driver info: org.openqa.selenium.chrome.ChromeDriver
Command: [f5ad923cd1e0f6a037c84a7de3654ee0, clickElement {id=f.5679A916C9BB515C5DFE88AB4BEF4C21.d.81F6667FA0DB0DCC1FF7749980FA4533.e.293}]
Capabilities {acceptInsecureCerts: false, browserName: chrome, browserVersion: 151.0.7922.138, chrome: {chromedriverVersion: 151.0.7922.138 (41fa8244239..., userDataDir: C:\Users\DELL\AppData\Local...}, fedcm:accounts: true, goog:chromeOptions: {debuggerAddress: localhost:52640}, goog:processID: 7096, networkConnectionEnabled: false, pageLoadStrategy: normal, platformName: windows, proxy: Proxy(), se:cdp: ws://localhost:52640/devtoo..., se:cdpVersion: 151.0.7922.138, setWindowRect: true, strictFileInteractability: false, timeouts: {implicit: 0, pageLoad: 300000, script: 30000}, unhandledPromptBehavior: dismiss and notify, webauthn:extension:credBlob: true, webauthn:extension:largeBlob: true, webauthn:extension:minPinLength: true, webauthn:extension:prf: true, webauthn:virtualAuthenticators: true}
Element: [[ChromeDriver: chrome on windows (f5ad923cd1e0f6a037c84a7de3654ee0)] -&amp;gt; xpath: //div[@class=&amp;apos;quick-menu&amp;apos;]//a[@href=&amp;apos;/dashboard&amp;apos;]]
Session ID: f5ad923cd1e0f6a037c84a7de3654ee0">
      <![CDATA[org.openqa.selenium.ElementClickInterceptedException: element click intercepted: Element <a class="text-decoration-none d-flex align-items-center" href="/dashboard">...</a> is not clickable at point (32, 126). Other element would receive the click: <div role="dialog" aria-modal="true" class="fade popup-model add-new-bank-model modal show" tabindex="-1" style="display: block;">...</div>
  (Session info: chrome=151.0.7922.138)
Build info: version: '4.35.0', revision: '1c58e5028b'
System info: os.name: 'Windows 11', os.arch: 'amd64', os.version: '10.0', java.version: '21.0.12'
Driver info: org.openqa.selenium.chrome.ChromeDriver
Command: [f5ad923cd1e0f6a037c84a7de3654ee0, clickElement {id=f.5679A916C9BB515C5DFE88AB4BEF4C21.d.81F6667FA0DB0DCC1FF7749980FA4533.e.293}]
Capabilities {acceptInsecureCerts: false, browserName: chrome, browserVersion: 151.0.7922.138, chrome: {chromedriverVersion: 151.0.7922.138 (41fa8244239..., userDataDir: C:\Users\DELL\AppData\Local...}, fedcm:accounts: true, goog:chromeOptions: {debuggerAddress: localhost:52640}, goog:processID: 7096, networkConnectionEnabled: false, pageLoadStrategy: normal, platformName: windows, proxy: Proxy(), se:cdp: ws://localhost:52640/devtoo..., se:cdpVersion: 151.0.7922.138, setWindowRect: true, strictFileInteractability: false, timeouts: {implicit: 0, pageLoad: 300000, script: 30000}, unhandledPromptBehavior: dismiss and notify, webauthn:extension:credBlob: true, webauthn:extension:largeBlob: true, webauthn:extension:minPinLength: true, webauthn:extension:prf: true, webauthn:virtualAuthenticators: true}
Element: [[ChromeDriver: chrome on windows (f5ad923cd1e0f6a037c84a7de3654ee0)] -> xpath: //div[@class='quick-menu']//a[@href='/dashboard']]
Session ID: f5ad923cd1e0f6a037c84a7de3654ee0
at org.openqa.selenium.remote.ErrorCodec.decode(ErrorCodec.java:167)
at org.openqa.selenium.remote.codec.w3c.W3CHttpResponseCodec.decode(W3CHttpResponseCodec.java:138)
at org.openqa.selenium.remote.codec.w3c.W3CHttpResponseCodec.decode(W3CHttpResponseCodec.java:50)
at org.openqa.selenium.remote.HttpCommandExecutor.execute(HttpCommandExecutor.java:215)
at org.openqa.selenium.remote.service.DriverCommandExecutor.invokeExecute(DriverCommandExecutor.java:216)
at org.openqa.selenium.remote.service.DriverCommandExecutor.execute(DriverCommandExecutor.java:174)
at org.openqa.selenium.remote.RemoteWebDriver.execute(RemoteWebDriver.java:557)
at org.openqa.selenium.remote.RemoteWebElement.execute(RemoteWebElement.java:223)
at org.openqa.selenium.remote.RemoteWebElement.click(RemoteWebElement.java:76)
at pages.DashboardPage.dashboard(DashboardPage.java:44)
at test.DashboardTest.dashboard_module(DashboardTest.java:33)
at java.base/java.util.ArrayList.forEach(ArrayList.java:1596)
at java.base/java.util.concurrent.FutureTask.run(FutureTask.java:317)
at java.base/java.util.concurrent.ThreadPoolExecutor.runWorker(ThreadPoolExecutor.java:1144)
at java.base/java.util.concurrent.ThreadPoolExecutor$Worker.run(ThreadPoolExecutor.java:642)
at java.base/java.lang.Thread.run(Thread.java:1583)
... Removed 18 stack frames]]>
    </failure>
  </testcase> <!-- dashboard_module -->
  <testcase classname="test.BankTest" name="OpenBankingModule" time="0.27">
    <failure type="org.openqa.selenium.ElementClickInterceptedException" message="Element &amp;lt;button class=&amp;quot;btn ico-refresh-sec blink-green-btn&amp;quot;&amp;gt; is not clickable at point (1327,131) because another element &amp;lt;div class=&amp;quot;fade modal-backdrop show&amp;quot;&amp;gt; obscures it
Build info: version: &amp;apos;4.35.0&amp;apos;, revision: &amp;apos;1c58e5028b&amp;apos;
System info: os.name: &amp;apos;Windows 11&amp;apos;, os.arch: &amp;apos;amd64&amp;apos;, os.version: &amp;apos;10.0&amp;apos;, java.version: &amp;apos;21.0.12&amp;apos;
Driver info: org.openqa.selenium.firefox.FirefoxDriver
Command: [242b6972-17da-45e0-9ef1-378eb18b1134, clickElement {id=5e05b073-0b49-46a7-8778-97bd0e731022}]
Capabilities {acceptInsecureCerts: true, browserName: firefox, browserVersion: 154.0, moz:accessibilityChecks: false, moz:buildID: 20260812182057, moz:geckodriverVersion: 0.37.1, moz:headless: false, moz:platformVersion: 10.0, moz:processID: 20460, moz:profile: C:\Users\DELL\AppData\Local..., moz:shutdownTimeout: 60000, moz:webdriverClick: true, moz:windowless: false, pageLoadStrategy: normal, platformName: windows, proxy: Proxy(), setWindowRect: true, strictFileInteractability: false, timeouts: {implicit: 0, pageLoad: 300000, script: 30000}, unhandledPromptBehavior: dismiss and notify, userAgent: Mozilla/5.0 (Windows NT 10....}
Element: [[FirefoxDriver: firefox on windows (242b6972-17da-45e0-9ef1-378eb18b1134)] -&amp;gt; xpath: //button[@class=&amp;apos;btn ico-refresh-sec blink-green-btn&amp;apos;]]
Session ID: 242b6972-17da-45e0-9ef1-378eb18b1134">
      <![CDATA[org.openqa.selenium.ElementClickInterceptedException: Element <button class="btn ico-refresh-sec blink-green-btn"> is not clickable at point (1327,131) because another element <div class="fade modal-backdrop show"> obscures it
Build info: version: '4.35.0', revision: '1c58e5028b'
System info: os.name: 'Windows 11', os.arch: 'amd64', os.version: '10.0', java.version: '21.0.12'
Driver info: org.openqa.selenium.firefox.FirefoxDriver
Command: [242b6972-17da-45e0-9ef1-378eb18b1134, clickElement {id=5e05b073-0b49-46a7-8778-97bd0e731022}]
Capabilities {acceptInsecureCerts: true, browserName: firefox, browserVersion: 154.0, moz:accessibilityChecks: false, moz:buildID: 20260812182057, moz:geckodriverVersion: 0.37.1, moz:headless: false, moz:platformVersion: 10.0, moz:processID: 20460, moz:profile: C:\Users\DELL\AppData\Local..., moz:shutdownTimeout: 60000, moz:webdriverClick: true, moz:windowless: false, pageLoadStrategy: normal, platformName: windows, proxy: Proxy(), setWindowRect: true, strictFileInteractability: false, timeouts: {implicit: 0, pageLoad: 300000, script: 30000}, unhandledPromptBehavior: dismiss and notify, userAgent: Mozilla/5.0 (Windows NT 10....}
Element: [[FirefoxDriver: firefox on windows (242b6972-17da-45e0-9ef1-378eb18b1134)] -> xpath: //button[@class='btn ico-refresh-sec blink-green-btn']]
Session ID: 242b6972-17da-45e0-9ef1-378eb18b1134
at org.openqa.selenium.remote.ErrorCodec.decode(ErrorCodec.java:167)
at org.openqa.selenium.remote.codec.w3c.W3CHttpResponseCodec.decode(W3CHttpResponseCodec.java:138)
at org.openqa.selenium.remote.codec.w3c.W3CHttpResponseCodec.decode(W3CHttpResponseCodec.java:50)
at org.openqa.selenium.remote.HttpCommandExecutor.execute(HttpCommandExecutor.java:215)
at org.openqa.selenium.remote.service.DriverCommandExecutor.invokeExecute(DriverCommandExecutor.java:216)
at org.openqa.selenium.remote.service.DriverCommandExecutor.execute(DriverCommandExecutor.java:174)
at org.openqa.selenium.remote.RemoteWebDriver.execute(RemoteWebDriver.java:557)
at org.openqa.selenium.remote.RemoteWebElement.execute(RemoteWebElement.java:223)
at org.openqa.selenium.remote.RemoteWebElement.click(RemoteWebElement.java:76)
at org.openqa.selenium.support.pagefactory.internal.LocatingElementHandler.invoke(LocatingElementHandler.java:51)
at jdk.proxy2/jdk.proxy2.$Proxy30.click(Unknown Source)
at pages.BankingPage.gotobaningmodule(BankingPage.java:108)
at test.BankTest.OpenBankingModule(BankTest.java:40)
at java.base/java.util.ArrayList.forEach(ArrayList.java:1596)
at java.base/java.util.concurrent.FutureTask.run(FutureTask.java:317)
at java.base/java.util.concurrent.ThreadPoolExecutor.runWorker(ThreadPoolExecutor.java:1144)
at java.base/java.util.concurrent.ThreadPoolExecutor$Worker.run(ThreadPoolExecutor.java:642)
at java.base/java.lang.Thread.run(Thread.java:1583)
... Removed 20 stack frames]]>
    </failure>
  </testcase> <!-- OpenBankingModule -->
  <testcase classname="test.BankTest" name="Addbank" time="0.0">
    <skipped/>
  </testcase> <!-- Addbank -->
  <testcase classname="test.BankTest" name="update_Bank" time="0.0">
    <skipped/>
  </testcase> <!-- update_Bank -->
  <testcase classname="test.BankTest" name="deleteBank" time="7.395">
    <failure type="java.lang.AssertionError" message="The following asserts failed:
	expected [Financial Institute Deleted-dd] but found [Financial Institute Deleted]">
      <![CDATA[java.lang.AssertionError: The following asserts failed:
expected [Financial Institute Deleted-dd] but found [Financial Institute Deleted]
at test.BankTest.deleteBank(BankTest.java:73)
at java.base/java.util.ArrayList.forEach(ArrayList.java:1596)
at java.base/java.util.concurrent.FutureTask.run(FutureTask.java:317)
at java.base/java.util.concurrent.ThreadPoolExecutor.runWorker(ThreadPoolExecutor.java:1144)
at java.base/java.util.concurrent.ThreadPoolExecutor$Worker.run(ThreadPoolExecutor.java:642)
at java.base/java.lang.Thread.run(Thread.java:1583)
... Removed 17 stack frames]]>
    </failure>
  </testcase> <!-- deleteBank -->
</testsuite> <!-- FirefoxTest -->
