<?xml version="1.0" encoding="UTF-8"?>
<!-- Generated by org.testng.reporters.JUnitXMLReporter -->
<testsuite ignored="0" hostname="DESKTOP-ASU5UF1" failures="3" tests="10" name="SanityTest" time="202.898" errors="0" timestamp="2026-07-22T17:10:39 IST">
  <testcase classname="test.BankTest" name="OpenBankingModule" time="1.917"/>
  <testcase classname="test.MoneylinkTest" name="open_moneylink" time="11.865"/>
  <testcase classname="test.BankTest" name="Addbank" time="15.218">
    <failure type="org.openqa.selenium.NoSuchElementException" message="no such element: Unable to locate element: {&amp;quot;method&amp;quot;:&amp;quot;xpath&amp;quot;,&amp;quot;selector&amp;quot;:&amp;quot;//button[normalize-space()=&amp;apos;Yes&amp;apos;]&amp;quot;}
  (Session info: chrome=150.0.7871.125)
For documentation on this error, please visit: https://www.selenium.dev/documentation/webdriver/troubleshooting/errors#no-such-element-exception
Build info: version: &amp;apos;4.35.0&amp;apos;, revision: &amp;apos;1c58e5028b&amp;apos;
System info: os.name: &amp;apos;Windows 11&amp;apos;, os.arch: &amp;apos;amd64&amp;apos;, os.version: &amp;apos;10.0&amp;apos;, java.version: &amp;apos;22.0.1&amp;apos;
Driver info: org.openqa.selenium.chrome.ChromeDriver
Command: [01d750d5e46ed98513718e523b039424, findElement {using=xpath, value=//button[normalize-space()=&amp;apos;Yes&amp;apos;]}]
Capabilities {acceptInsecureCerts: false, browserName: chrome, browserVersion: 150.0.7871.125, chrome: {chromedriverVersion: 150.0.7871.124 (9261fd0a595..., userDataDir: C:\Users\DELL\AppData\Local...}, fedcm:accounts: true, goog:chromeOptions: {debuggerAddress: localhost:52401}, goog:processID: 1812, networkConnectionEnabled: false, pageLoadStrategy: normal, platformName: windows, proxy: Proxy(), se:cdp: ws://localhost:52401/devtoo..., se:cdpVersion: 150.0.7871.125, setWindowRect: true, strictFileInteractability: false, timeouts: {implicit: 0, pageLoad: 300000, script: 30000}, unhandledPromptBehavior: dismiss and notify, webauthn:extension:credBlob: true, webauthn:extension:largeBlob: true, webauthn:extension:minPinLength: true, webauthn:extension:prf: true, webauthn:virtualAuthenticators: true}
Session ID: 01d750d5e46ed98513718e523b039424">
      <![CDATA[org.openqa.selenium.NoSuchElementException: no such element: Unable to locate element: {"method":"xpath","selector":"//button[normalize-space()='Yes']"}
  (Session info: chrome=150.0.7871.125)
For documentation on this error, please visit: https://www.selenium.dev/documentation/webdriver/troubleshooting/errors#no-such-element-exception
Build info: version: '4.35.0', revision: '1c58e5028b'
System info: os.name: 'Windows 11', os.arch: 'amd64', os.version: '10.0', java.version: '22.0.1'
Driver info: org.openqa.selenium.chrome.ChromeDriver
Command: [01d750d5e46ed98513718e523b039424, findElement {using=xpath, value=//button[normalize-space()='Yes']}]
Capabilities {acceptInsecureCerts: false, browserName: chrome, browserVersion: 150.0.7871.125, chrome: {chromedriverVersion: 150.0.7871.124 (9261fd0a595..., userDataDir: C:\Users\DELL\AppData\Local...}, fedcm:accounts: true, goog:chromeOptions: {debuggerAddress: localhost:52401}, goog:processID: 1812, networkConnectionEnabled: false, pageLoadStrategy: normal, platformName: windows, proxy: Proxy(), se:cdp: ws://localhost:52401/devtoo..., se:cdpVersion: 150.0.7871.125, setWindowRect: true, strictFileInteractability: false, timeouts: {implicit: 0, pageLoad: 300000, script: 30000}, unhandledPromptBehavior: dismiss and notify, webauthn:extension:credBlob: true, webauthn:extension:largeBlob: true, webauthn:extension:minPinLength: true, webauthn:extension:prf: true, webauthn:virtualAuthenticators: true}
Session ID: 01d750d5e46ed98513718e523b039424
at org.openqa.selenium.remote.ErrorCodec.decode(ErrorCodec.java:167)
at org.openqa.selenium.remote.codec.w3c.W3CHttpResponseCodec.decode(W3CHttpResponseCodec.java:138)
at org.openqa.selenium.remote.codec.w3c.W3CHttpResponseCodec.decode(W3CHttpResponseCodec.java:50)
at org.openqa.selenium.remote.HttpCommandExecutor.execute(HttpCommandExecutor.java:215)
at org.openqa.selenium.remote.service.DriverCommandExecutor.invokeExecute(DriverCommandExecutor.java:216)
at org.openqa.selenium.remote.service.DriverCommandExecutor.execute(DriverCommandExecutor.java:174)
at org.openqa.selenium.remote.RemoteWebDriver.execute(RemoteWebDriver.java:557)
at org.openqa.selenium.remote.ElementLocation$ElementFinder$2.findElement(ElementLocation.java:165)
at org.openqa.selenium.remote.ElementLocation.findElement(ElementLocation.java:59)
at org.openqa.selenium.remote.RemoteWebDriver.findElement(RemoteWebDriver.java:380)
at org.openqa.selenium.remote.RemoteWebDriver.findElement(RemoteWebDriver.java:374)
at org.openqa.selenium.support.pagefactory.DefaultElementLocator.findElement(DefaultElementLocator.java:68)
at org.openqa.selenium.support.pagefactory.internal.LocatingElementHandler.invoke(LocatingElementHandler.java:38)
at jdk.proxy2/jdk.proxy2.$Proxy30.click(Unknown Source)
at pages.BankingPage.addbank(BankingPage.java:112)
at test.BankTest.Addbank(BankTest.java:35)
at java.base/java.util.concurrent.Executors$RunnableAdapter.call(Executors.java:572)
at java.base/java.util.concurrent.FutureTask.run(FutureTask.java:317)
at java.base/java.util.concurrent.ThreadPoolExecutor.runWorker(ThreadPoolExecutor.java:1144)
at java.base/java.util.concurrent.ThreadPoolExecutor$Worker.run(ThreadPoolExecutor.java:642)
at java.base/java.lang.Thread.run(Thread.java:1570)
... Removed 14 stack frames]]>
    </failure>
  </testcase> <!-- Addbank -->
  <testcase classname="test.BankTest" name="update_Bank" time="0.0">
    <skipped/>
  </testcase> <!-- update_Bank -->
  <testcase classname="test.BankTest" name="deleteBank" time="4.783">
    <failure type="org.openqa.selenium.ElementClickInterceptedException" message="element click intercepted: Element &amp;lt;span class=&amp;quot;icon-edit cicon editbc_bankin&amp;quot;&amp;gt;&amp;lt;/span&amp;gt; is not clickable at point (345, 376). Other element would receive the click: &amp;lt;span&amp;gt;...&amp;lt;/span&amp;gt;
  (Session info: chrome=150.0.7871.125)
Build info: version: &amp;apos;4.35.0&amp;apos;, revision: &amp;apos;1c58e5028b&amp;apos;
System info: os.name: &amp;apos;Windows 11&amp;apos;, os.arch: &amp;apos;amd64&amp;apos;, os.version: &amp;apos;10.0&amp;apos;, java.version: &amp;apos;22.0.1&amp;apos;
Driver info: org.openqa.selenium.chrome.ChromeDriver
Command: [01d750d5e46ed98513718e523b039424, clickElement {id=f.62623799875006C56FAF3D8EFCBD1543.d.A07E09E8755BAFE6C1D80E60FC4D60A9.e.988}]
Capabilities {acceptInsecureCerts: false, browserName: chrome, browserVersion: 150.0.7871.125, chrome: {chromedriverVersion: 150.0.7871.124 (9261fd0a595..., userDataDir: C:\Users\DELL\AppData\Local...}, fedcm:accounts: true, goog:chromeOptions: {debuggerAddress: localhost:52401}, goog:processID: 1812, networkConnectionEnabled: false, pageLoadStrategy: normal, platformName: windows, proxy: Proxy(), se:cdp: ws://localhost:52401/devtoo..., se:cdpVersion: 150.0.7871.125, setWindowRect: true, strictFileInteractability: false, timeouts: {implicit: 0, pageLoad: 300000, script: 30000}, unhandledPromptBehavior: dismiss and notify, webauthn:extension:credBlob: true, webauthn:extension:largeBlob: true, webauthn:extension:minPinLength: true, webauthn:extension:prf: true, webauthn:virtualAuthenticators: true}
Element: [[ChromeDriver: chrome on windows (01d750d5e46ed98513718e523b039424)] -&amp;gt; xpath: (//span[@class=&amp;apos;icon-edit cicon editbc_bankin&amp;apos;])[last()]]
Session ID: 01d750d5e46ed98513718e523b039424">
      <![CDATA[org.openqa.selenium.ElementClickInterceptedException: element click intercepted: Element <span class="icon-edit cicon editbc_bankin"></span> is not clickable at point (345, 376). Other element would receive the click: <span>...</span>
  (Session info: chrome=150.0.7871.125)
Build info: version: '4.35.0', revision: '1c58e5028b'
System info: os.name: 'Windows 11', os.arch: 'amd64', os.version: '10.0', java.version: '22.0.1'
Driver info: org.openqa.selenium.chrome.ChromeDriver
Command: [01d750d5e46ed98513718e523b039424, clickElement {id=f.62623799875006C56FAF3D8EFCBD1543.d.A07E09E8755BAFE6C1D80E60FC4D60A9.e.988}]
Capabilities {acceptInsecureCerts: false, browserName: chrome, browserVersion: 150.0.7871.125, chrome: {chromedriverVersion: 150.0.7871.124 (9261fd0a595..., userDataDir: C:\Users\DELL\AppData\Local...}, fedcm:accounts: true, goog:chromeOptions: {debuggerAddress: localhost:52401}, goog:processID: 1812, networkConnectionEnabled: false, pageLoadStrategy: normal, platformName: windows, proxy: Proxy(), se:cdp: ws://localhost:52401/devtoo..., se:cdpVersion: 150.0.7871.125, setWindowRect: true, strictFileInteractability: false, timeouts: {implicit: 0, pageLoad: 300000, script: 30000}, unhandledPromptBehavior: dismiss and notify, webauthn:extension:credBlob: true, webauthn:extension:largeBlob: true, webauthn:extension:minPinLength: true, webauthn:extension:prf: true, webauthn:virtualAuthenticators: true}
Element: [[ChromeDriver: chrome on windows (01d750d5e46ed98513718e523b039424)] -> xpath: (//span[@class='icon-edit cicon editbc_bankin'])[last()]]
Session ID: 01d750d5e46ed98513718e523b039424
at org.openqa.selenium.remote.ErrorCodec.decode(ErrorCodec.java:167)
at org.openqa.selenium.remote.codec.w3c.W3CHttpResponseCodec.decode(W3CHttpResponseCodec.java:138)
at org.openqa.selenium.remote.codec.w3c.W3CHttpResponseCodec.decode(W3CHttpResponseCodec.java:50)
at org.openqa.selenium.remote.HttpCommandExecutor.execute(HttpCommandExecutor.java:215)
at org.openqa.selenium.remote.service.DriverCommandExecutor.invokeExecute(DriverCommandExecutor.java:216)
at org.openqa.selenium.remote.service.DriverCommandExecutor.execute(DriverCommandExecutor.java:174)
at org.openqa.selenium.remote.RemoteWebDriver.execute(RemoteWebDriver.java:557)
at org.openqa.selenium.remote.RemoteWebElement.execute(RemoteWebElement.java:223)
at org.openqa.selenium.remote.RemoteWebElement.click(RemoteWebElement.java:76)
at org.openqa.selenium.support.pagefactory.internal.LocatingElementHandler.invoke(LocatingElementHandler.java:51)
at jdk.proxy2/jdk.proxy2.$Proxy30.click(Unknown Source)
at pages.BankingPage.deletebank(BankingPage.java:146)
at test.BankTest.deleteBank(BankTest.java:59)
at java.base/java.util.concurrent.Executors$RunnableAdapter.call(Executors.java:572)
at java.base/java.util.concurrent.FutureTask.run(FutureTask.java:317)
at java.base/java.util.concurrent.ThreadPoolExecutor.runWorker(ThreadPoolExecutor.java:1144)
at java.base/java.util.concurrent.ThreadPoolExecutor$Worker.run(ThreadPoolExecutor.java:642)
at java.base/java.lang.Thread.run(Thread.java:1570)
... Removed 16 stack frames]]>
    </failure>
  </testcase> <!-- deleteBank -->
  <testcase classname="test.MoneylinkTest" name="reset_moneylinktransaction" time="35.833"/>
  <testcase classname="test.MoneylinkTest" name="single_transaction_accounting" time="62.512">
    <failure type="java.lang.AssertionError" message="The following asserts failed:
	Trasnaction is not saved expected [true] but found [false]">
      <![CDATA[java.lang.AssertionError: The following asserts failed:
Trasnaction is not saved expected [true] but found [false]
at test.MoneylinkTest.single_transaction_accounting(MoneylinkTest.java:90)
at java.base/java.util.concurrent.Executors$RunnableAdapter.call(Executors.java:572)
at java.base/java.util.concurrent.FutureTask.run(FutureTask.java:317)
at java.base/java.util.concurrent.ThreadPoolExecutor.runWorker(ThreadPoolExecutor.java:1144)
at java.base/java.util.concurrent.ThreadPoolExecutor$Worker.run(ThreadPoolExecutor.java:642)
at java.base/java.lang.Thread.run(Thread.java:1570)
... Removed 13 stack frames]]>
    </failure>
  </testcase> <!-- single_transaction_accounting -->
  <testcase classname="test.MoneylinkTest" name="moneylink_quickentry" time="16.546"/>
  <testcase classname="test.MoneylinkTest" name="CR_Bulkentries" time="22.563"/>
  <testcase classname="test.MoneylinkTest" name="DR_Bulkentries" time="28.09"/>
</testsuite> <!-- SanityTest -->
