<?xml version="1.0" encoding="UTF-8"?>
<!-- Generated by org.testng.reporters.JUnitXMLReporter -->
<testsuite ignored="2" hostname="DESKTOP-ASU5UF1" failures="1" tests="3" name="Sanity Testing" time="43.794" errors="0" timestamp="2026-03-13T16:16:03 IST">
  <testcase classname="test.DashboardTest" name="dashboard_module" time="22.058"/>
  <testcase classname="test.BankTest" name="add_bank" time="11.778"/>
  <testcase classname="test.BankTest" name="delete_bank" time="8.162">
    <failure type="org.openqa.selenium.NoSuchElementException" message="no such element: Unable to locate element: {&amp;quot;method&amp;quot;:&amp;quot;xpath&amp;quot;,&amp;quot;selector&amp;quot;:&amp;quot;//div[@class=&amp;apos;edit-icon-account cpointer&amp;apos;]&amp;quot;}
  (Session info: chrome=145.0.7632.117)
For documentation on this error, please visit: https://www.selenium.dev/documentation/webdriver/troubleshooting/errors#no-such-element-exception
Build info: version: &amp;apos;4.35.0&amp;apos;, revision: &amp;apos;1c58e5028b&amp;apos;
System info: os.name: &amp;apos;Windows 11&amp;apos;, os.arch: &amp;apos;amd64&amp;apos;, os.version: &amp;apos;10.0&amp;apos;, java.version: &amp;apos;22.0.1&amp;apos;
Driver info: org.openqa.selenium.chrome.ChromeDriver
Command: [9003ddcf00bf0e50b6faddce3084d0df, findElement {using=xpath, value=//div[@class=&amp;apos;edit-icon-account cpointer&amp;apos;]}]
Capabilities {acceptInsecureCerts: false, browserName: chrome, browserVersion: 145.0.7632.117, chrome: {chromedriverVersion: 145.0.7632.117 (de4e5d6e13b..., userDataDir: C:\Users\DELL\AppData\Local...}, fedcm:accounts: true, goog:chromeOptions: {debuggerAddress: localhost:51995}, goog:processID: 27740, networkConnectionEnabled: false, pageLoadStrategy: normal, platformName: windows, proxy: Proxy(), se:cdp: ws://localhost:51995/devtoo..., se:cdpVersion: 145.0.7632.117, setWindowRect: true, strictFileInteractability: false, timeouts: {implicit: 0, pageLoad: 300000, script: 30000}, unhandledPromptBehavior: dismiss and notify, webauthn:extension:credBlob: true, webauthn:extension:largeBlob: true, webauthn:extension:minPinLength: true, webauthn:extension:prf: true, webauthn:virtualAuthenticators: true}
Session ID: 9003ddcf00bf0e50b6faddce3084d0df">
      <![CDATA[org.openqa.selenium.NoSuchElementException: no such element: Unable to locate element: {"method":"xpath","selector":"//div[@class='edit-icon-account cpointer']"}
  (Session info: chrome=145.0.7632.117)
For documentation on this error, please visit: https://www.selenium.dev/documentation/webdriver/troubleshooting/errors#no-such-element-exception
Build info: version: '4.35.0', revision: '1c58e5028b'
System info: os.name: 'Windows 11', os.arch: 'amd64', os.version: '10.0', java.version: '22.0.1'
Driver info: org.openqa.selenium.chrome.ChromeDriver
Command: [9003ddcf00bf0e50b6faddce3084d0df, findElement {using=xpath, value=//div[@class='edit-icon-account cpointer']}]
Capabilities {acceptInsecureCerts: false, browserName: chrome, browserVersion: 145.0.7632.117, chrome: {chromedriverVersion: 145.0.7632.117 (de4e5d6e13b..., userDataDir: C:\Users\DELL\AppData\Local...}, fedcm:accounts: true, goog:chromeOptions: {debuggerAddress: localhost:51995}, goog:processID: 27740, networkConnectionEnabled: false, pageLoadStrategy: normal, platformName: windows, proxy: Proxy(), se:cdp: ws://localhost:51995/devtoo..., se:cdpVersion: 145.0.7632.117, setWindowRect: true, strictFileInteractability: false, timeouts: {implicit: 0, pageLoad: 300000, script: 30000}, unhandledPromptBehavior: dismiss and notify, webauthn:extension:credBlob: true, webauthn:extension:largeBlob: true, webauthn:extension:minPinLength: true, webauthn:extension:prf: true, webauthn:virtualAuthenticators: true}
Session ID: 9003ddcf00bf0e50b6faddce3084d0df
at org.openqa.selenium.remote.ErrorCodec.decode(ErrorCodec.java:167)
at org.openqa.selenium.remote.codec.w3c.W3CHttpResponseCodec.decode(W3CHttpResponseCodec.java:138)
at org.openqa.selenium.remote.codec.w3c.W3CHttpResponseCodec.decode(W3CHttpResponseCodec.java:50)
at org.openqa.selenium.remote.HttpCommandExecutor.execute(HttpCommandExecutor.java:215)
at org.openqa.selenium.remote.service.DriverCommandExecutor.invokeExecute(DriverCommandExecutor.java:216)
at org.openqa.selenium.remote.service.DriverCommandExecutor.execute(DriverCommandExecutor.java:174)
at org.openqa.selenium.remote.RemoteWebDriver.execute(RemoteWebDriver.java:557)
at org.openqa.selenium.remote.ElementLocation$ElementFinder$2.findElement(ElementLocation.java:165)
at org.openqa.selenium.remote.ElementLocation.findElement(ElementLocation.java:59)
at org.openqa.selenium.remote.RemoteWebDriver.findElement(RemoteWebDriver.java:380)
at org.openqa.selenium.remote.RemoteWebDriver.findElement(RemoteWebDriver.java:374)
at pages.Banking.deletebank(Banking.java:131)
at test.BankTest.delete_bank(BankTest.java:37)
at java.base/java.util.ArrayList.forEach(ArrayList.java:1597)
... Removed 28 stack frames]]>
    </failure>
  </testcase> <!-- delete_bank -->
  <testcase classname="test.BaseTest" name="@BeforeSuite setupSuite" time="0.0">
    <ignored/>
  </testcase> <!-- @BeforeSuite setupSuite -->
  <testcase classname="test.BaseTest" name="@AfterSuite tearDownSuite" time="0.0">
    <ignored/>
  </testcase> <!-- @AfterSuite tearDownSuite -->
</testsuite> <!-- Sanity Testing -->
