<?xml version="1.0" encoding="UTF-8"?>
<testng-results ignored="0" total="3" passed="2" failed="1" skipped="0">
  <reporter-output>
  </reporter-output>
  <suite started-at="2026-03-13T16:15:18 IST" name="Sanity Suite" finished-at="2026-03-13T16:16:02 IST" duration-ms="43794">
    <groups>
    </groups>
    <test started-at="2026-03-13T16:15:18 IST" name="Sanity Testing" finished-at="2026-03-13T16:16:02 IST" duration-ms="43794">
      <class name="test.DashboardTest">
        <test-method is-config="true" signature="setupSuite()[pri:0, instance:test.DashboardTest@62656be4]" started-at="2026-03-13T16:14:56 IST" name="setupSuite" finished-at="2026-03-13T16:15:18 IST" duration-ms="21835" status="PASS">
          <reporter-output>
          </reporter-output>
        </test-method> <!-- setupSuite -->
        <test-method is-config="true" signature="init()[pri:0, instance:test.DashboardTest@62656be4]" started-at="2026-03-13T16:15:19 IST" name="init" finished-at="2026-03-13T16:15:19 IST" duration-ms="4" status="PASS">
          <reporter-output>
          </reporter-output>
        </test-method> <!-- init -->
        <test-method signature="dashboard_module()[pri:0, instance:test.DashboardTest@62656be4]" started-at="2026-03-13T16:15:19 IST" name="dashboard_module" finished-at="2026-03-13T16:15:41 IST" duration-ms="22058" status="PASS">
          <reporter-output>
          </reporter-output>
        </test-method> <!-- dashboard_module -->
        <test-method is-config="true" signature="tearDownSuite()[pri:0, instance:test.DashboardTest@62656be4]" started-at="2026-03-13T16:16:03 IST" name="tearDownSuite" finished-at="2026-03-13T16:16:04 IST" duration-ms="513" status="PASS">
          <reporter-output>
          </reporter-output>
        </test-method> <!-- tearDownSuite -->
      </class> <!-- test.DashboardTest -->
      <class name="test.BankTest">
        <test-method is-config="true" signature="init()[pri:0, instance:test.BankTest@6c7a164b]" started-at="2026-03-13T16:15:42 IST" name="init" finished-at="2026-03-13T16:15:42 IST" duration-ms="109" status="PASS">
          <reporter-output>
          </reporter-output>
        </test-method> <!-- init -->
        <test-method signature="add_bank()[pri:0, instance:test.BankTest@6c7a164b]" started-at="2026-03-13T16:15:42 IST" name="add_bank" finished-at="2026-03-13T16:15:54 IST" duration-ms="11778" status="PASS">
          <reporter-output>
          </reporter-output>
        </test-method> <!-- add_bank -->
        <test-method signature="delete_bank()[pri:0, instance:test.BankTest@6c7a164b]" started-at="2026-03-13T16:15:54 IST" name="delete_bank" finished-at="2026-03-13T16:16:02 IST" duration-ms="8162" status="FAIL">
          <exception class="org.openqa.selenium.NoSuchElementException">
            <message>
              <![CDATA[no such element: Unable to locate element: {"method":"xpath","selector":"//div[@class='edit-icon-account cpointer']"}
  (Session info: chrome=145.0.7632.117)
For documentation on this error, please visit: https://www.selenium.dev/documentation/webdriver/troubleshooting/errors#no-such-element-exception
Build info: version: '4.35.0', revision: '1c58e5028b'
System info: os.name: 'Windows 11', os.arch: 'amd64', os.version: '10.0', java.version: '22.0.1'
Driver info: org.openqa.selenium.chrome.ChromeDriver
Command: [9003ddcf00bf0e50b6faddce3084d0df, findElement {using=xpath, value=//div[@class='edit-icon-account cpointer']}]
Capabilities {acceptInsecureCerts: false, browserName: chrome, browserVersion: 145.0.7632.117, chrome: {chromedriverVersion: 145.0.7632.117 (de4e5d6e13b..., userDataDir: C:\Users\DELL\AppData\Local...}, fedcm:accounts: true, goog:chromeOptions: {debuggerAddress: localhost:51995}, goog:processID: 27740, networkConnectionEnabled: false, pageLoadStrategy: normal, platformName: windows, proxy: Proxy(), se:cdp: ws://localhost:51995/devtoo..., se:cdpVersion: 145.0.7632.117, setWindowRect: true, strictFileInteractability: false, timeouts: {implicit: 0, pageLoad: 300000, script: 30000}, unhandledPromptBehavior: dismiss and notify, webauthn:extension:credBlob: true, webauthn:extension:largeBlob: true, webauthn:extension:minPinLength: true, webauthn:extension:prf: true, webauthn:virtualAuthenticators: true}
Session ID: 9003ddcf00bf0e50b6faddce3084d0df]]>
            </message>
            <full-stacktrace>
              <![CDATA[org.openqa.selenium.NoSuchElementException: no such element: Unable to locate element: {"method":"xpath","selector":"//div[@class='edit-icon-account cpointer']"}
  (Session info: chrome=145.0.7632.117)
For documentation on this error, please visit: https://www.selenium.dev/documentation/webdriver/troubleshooting/errors#no-such-element-exception
Build info: version: '4.35.0', revision: '1c58e5028b'
System info: os.name: 'Windows 11', os.arch: 'amd64', os.version: '10.0', java.version: '22.0.1'
Driver info: org.openqa.selenium.chrome.ChromeDriver
Command: [9003ddcf00bf0e50b6faddce3084d0df, findElement {using=xpath, value=//div[@class='edit-icon-account cpointer']}]
Capabilities {acceptInsecureCerts: false, browserName: chrome, browserVersion: 145.0.7632.117, chrome: {chromedriverVersion: 145.0.7632.117 (de4e5d6e13b..., userDataDir: C:\Users\DELL\AppData\Local...}, fedcm:accounts: true, goog:chromeOptions: {debuggerAddress: localhost:51995}, goog:processID: 27740, networkConnectionEnabled: false, pageLoadStrategy: normal, platformName: windows, proxy: Proxy(), se:cdp: ws://localhost:51995/devtoo..., se:cdpVersion: 145.0.7632.117, setWindowRect: true, strictFileInteractability: false, timeouts: {implicit: 0, pageLoad: 300000, script: 30000}, unhandledPromptBehavior: dismiss and notify, webauthn:extension:credBlob: true, webauthn:extension:largeBlob: true, webauthn:extension:minPinLength: true, webauthn:extension:prf: true, webauthn:virtualAuthenticators: true}
Session ID: 9003ddcf00bf0e50b6faddce3084d0df
at java.base/jdk.internal.reflect.DirectConstructorHandleAccessor.newInstance(DirectConstructorHandleAccessor.java:62)
at java.base/java.lang.reflect.Constructor.newInstanceWithCaller(Constructor.java:502)
at java.base/java.lang.reflect.Constructor.newInstance(Constructor.java:486)
at org.openqa.selenium.remote.ErrorCodec.decode(ErrorCodec.java:167)
at org.openqa.selenium.remote.codec.w3c.W3CHttpResponseCodec.decode(W3CHttpResponseCodec.java:138)
at org.openqa.selenium.remote.codec.w3c.W3CHttpResponseCodec.decode(W3CHttpResponseCodec.java:50)
at org.openqa.selenium.remote.HttpCommandExecutor.execute(HttpCommandExecutor.java:215)
at org.openqa.selenium.remote.service.DriverCommandExecutor.invokeExecute(DriverCommandExecutor.java:216)
at org.openqa.selenium.remote.service.DriverCommandExecutor.execute(DriverCommandExecutor.java:174)
at org.openqa.selenium.remote.RemoteWebDriver.execute(RemoteWebDriver.java:557)
at org.openqa.selenium.remote.ElementLocation$ElementFinder$2.findElement(ElementLocation.java:165)
at org.openqa.selenium.remote.ElementLocation.findElement(ElementLocation.java:59)
at org.openqa.selenium.remote.RemoteWebDriver.findElement(RemoteWebDriver.java:380)
at org.openqa.selenium.remote.RemoteWebDriver.findElement(RemoteWebDriver.java:374)
at pages.Banking.deletebank(Banking.java:131)
at test.BankTest.delete_bank(BankTest.java:37)
at java.base/jdk.internal.reflect.DirectMethodHandleAccessor.invoke(DirectMethodHandleAccessor.java:103)
at java.base/java.lang.reflect.Method.invoke(Method.java:580)
at org.testng.internal.invokers.MethodInvocationHelper.invokeMethod(MethodInvocationHelper.java:141)
at org.testng.internal.invokers.TestInvoker.invokeMethod(TestInvoker.java:687)
at org.testng.internal.invokers.TestInvoker.invokeTestMethod(TestInvoker.java:230)
at org.testng.internal.invokers.MethodRunner.runInSequence(MethodRunner.java:63)
at org.testng.internal.invokers.TestInvoker$MethodInvocationAgent.invoke(TestInvoker.java:995)
at org.testng.internal.invokers.TestInvoker.invokeTestMethods(TestInvoker.java:203)
at org.testng.internal.invokers.TestMethodWorker.invokeTestMethods(TestMethodWorker.java:154)
at org.testng.internal.invokers.TestMethodWorker.run(TestMethodWorker.java:134)
at java.base/java.util.ArrayList.forEach(ArrayList.java:1597)
at org.testng.TestRunner.privateRun(TestRunner.java:741)
at org.testng.TestRunner.run(TestRunner.java:616)
at org.testng.SuiteRunner.runTest(SuiteRunner.java:421)
at org.testng.SuiteRunner.runSequentially(SuiteRunner.java:413)
at org.testng.SuiteRunner.privateRun(SuiteRunner.java:373)
at org.testng.SuiteRunner.run(SuiteRunner.java:312)
at org.testng.SuiteRunnerWorker.runSuite(SuiteRunnerWorker.java:52)
at org.testng.SuiteRunnerWorker.run(SuiteRunnerWorker.java:95)
at org.testng.TestNG.runSuitesSequentially(TestNG.java:1274)
at org.testng.TestNG.runSuitesLocally(TestNG.java:1208)
at org.testng.TestNG.runSuites(TestNG.java:1112)
at org.testng.TestNG.run(TestNG.java:1079)
at org.testng.remote.AbstractRemoteTestNG.run(AbstractRemoteTestNG.java:115)
at org.testng.remote.RemoteTestNG.initAndRun(RemoteTestNG.java:293)
at org.testng.remote.RemoteTestNG.main(RemoteTestNG.java:91)
]]>
            </full-stacktrace>
          </exception> <!-- org.openqa.selenium.NoSuchElementException -->
          <reporter-output>
          </reporter-output>
        </test-method> <!-- delete_bank -->
      </class> <!-- test.BankTest -->
    </test> <!-- Sanity Testing -->
  </suite> <!-- Sanity Suite -->
</testng-results>
