<?xml version="1.0" encoding="UTF-8"?>
<!-- Generated by org.testng.reporters.JUnitReportReporter -->
<testsuite hostname="DESKTOP-ASU5UF1" failures="0" tests="14" name="test.MoneylinkTest" time="153.520" errors="2" timestamp="2026-09-04T15:58:00 IST" skipped="6">
  <testcase classname="test.MoneylinkTest" name="open_moneylink" time="12.009"/>
  <testcase classname="test.MoneylinkTest" name="CR_Bulkentries" time="22.924"/>
  <testcase classname="test.MoneylinkTest" name="CR_Bulkentries" time="0.000">
    <skipped/>
  </testcase> <!-- CR_Bulkentries -->
  <testcase classname="test.MoneylinkTest" name="reset_moneylinktransaction" time="0.001">
    <skipped/>
  </testcase> <!-- reset_moneylinktransaction -->
  <testcase classname="test.MoneylinkTest" name="single_transaction_accounting" time="0.000">
    <skipped/>
  </testcase> <!-- single_transaction_accounting -->
  <testcase classname="test.MoneylinkTest" name="SetUp" time="2.203">
    <error message="unknown error: JavaScript code failed
from unknown command: &#039;Runtime.evaluate&#039; wasn&#039;t found
  (Session info: MicrosoftEdge=149.0.4022.80)
Build info: version: &#039;4.35.0&#039;, revision: &#039;1c58e5028b&#039;
System info: os.name: &#039;Windows 11&#039;, os.arch: &#039;amd64&#039;, os.version: &#039;10.0&#039;, java.version: &#039;21.0.12&#039;
Driver info: org.openqa.selenium.edge.EdgeDriver
Command: [7d96d6f9d0ac2f75c8affc03d492a235, maximizeCurrentWindow {}]
Capabilities {acceptInsecureCerts: false, browserName: MicrosoftEdge, browserVersion: 149.0.4022.80, fedcm:accounts: true, goog:processID: 16252, ms:edgeOptions: {debuggerAddress: localhost:54904}, msedge: {msedgedriverVersion: 149.0.4022.98 (d8414318246f..., userDataDir: C:\Users\DELL\AppData\Local...}, networkConnectionEnabled: false, pageLoadStrategy: normal, platformName: windows, proxy: Proxy(), se:cdp: ws://localhost:54904/devtoo..., se:cdpVersion: 149.0.4022.80, setWindowRect: true, strictFileInteractability: false, timeouts: {implicit: 0, pageLoad: 300000, script: 30000}, unhandledPromptBehavior: dismiss and notify, webauthn:extension:credBlob: true, webauthn:extension:largeBlob: true, webauthn:extension:minPinLength: true, webauthn:extension:prf: true, webauthn:virtualAuthenticators: true}
Session ID: 7d96d6f9d0ac2f75c8affc03d492a235" type="org.openqa.selenium.WebDriverException">
      <![CDATA[org.openqa.selenium.WebDriverException: unknown error: JavaScript code failed
from unknown command: 'Runtime.evaluate' wasn't found
  (Session info: MicrosoftEdge=149.0.4022.80)
Build info: version: '4.35.0', revision: '1c58e5028b'
System info: os.name: 'Windows 11', os.arch: 'amd64', os.version: '10.0', java.version: '21.0.12'
Driver info: org.openqa.selenium.edge.EdgeDriver
Command: [7d96d6f9d0ac2f75c8affc03d492a235, maximizeCurrentWindow {}]
Capabilities {acceptInsecureCerts: false, browserName: MicrosoftEdge, browserVersion: 149.0.4022.80, fedcm:accounts: true, goog:processID: 16252, ms:edgeOptions: {debuggerAddress: localhost:54904}, msedge: {msedgedriverVersion: 149.0.4022.98 (d8414318246f..., userDataDir: C:\Users\DELL\AppData\Local...}, networkConnectionEnabled: false, pageLoadStrategy: normal, platformName: windows, proxy: Proxy(), se:cdp: ws://localhost:54904/devtoo..., se:cdpVersion: 149.0.4022.80, setWindowRect: true, strictFileInteractability: false, timeouts: {implicit: 0, pageLoad: 300000, script: 30000}, unhandledPromptBehavior: dismiss and notify, webauthn:extension:credBlob: true, webauthn:extension:largeBlob: true, webauthn:extension:minPinLength: true, webauthn:extension:prf: true, webauthn:virtualAuthenticators: true}
Session ID: 7d96d6f9d0ac2f75c8affc03d492a235
at java.base/jdk.internal.reflect.DirectConstructorHandleAccessor.newInstance(DirectConstructorHandleAccessor.java:62)
at java.base/java.lang.reflect.Constructor.newInstanceWithCaller(Constructor.java:502)
at java.base/java.lang.reflect.Constructor.newInstance(Constructor.java:486)
at org.openqa.selenium.remote.ErrorCodec.decode(ErrorCodec.java:167)
at org.openqa.selenium.remote.codec.w3c.W3CHttpResponseCodec.decode(W3CHttpResponseCodec.java:138)
at org.openqa.selenium.remote.codec.w3c.W3CHttpResponseCodec.decode(W3CHttpResponseCodec.java:50)
at org.openqa.selenium.remote.HttpCommandExecutor.execute(HttpCommandExecutor.java:215)
at org.openqa.selenium.remote.service.DriverCommandExecutor.invokeExecute(DriverCommandExecutor.java:216)
at org.openqa.selenium.remote.service.DriverCommandExecutor.execute(DriverCommandExecutor.java:174)
at org.openqa.selenium.remote.RemoteWebDriver.execute(RemoteWebDriver.java:557)
at org.openqa.selenium.remote.RemoteWebDriver.execute(RemoteWebDriver.java:630)
at org.openqa.selenium.remote.RemoteWebDriver.execute(RemoteWebDriver.java:634)
at org.openqa.selenium.remote.RemoteWebDriver$RemoteWebDriverOptions$RemoteWindow.maximize(RemoteWebDriver.java:1060)
at base.DriverFactory.initDriver(DriverFactory.java:129)
at base.BaseTestUpdated.SetUp(BaseTestUpdated.java:24)
at java.base/jdk.internal.reflect.DirectMethodHandleAccessor.invoke(DirectMethodHandleAccessor.java:103)
at java.base/java.lang.reflect.Method.invoke(Method.java:580)
at org.testng.internal.invokers.MethodInvocationHelper.invokeMethod(MethodInvocationHelper.java:141)
at org.testng.internal.invokers.MethodInvocationHelper.invokeMethodConsideringTimeout(MethodInvocationHelper.java:71)
at org.testng.internal.invokers.ConfigInvoker.invokeConfigurationMethod(ConfigInvoker.java:400)
at org.testng.internal.invokers.ConfigInvoker.invokeConfigurations(ConfigInvoker.java:333)
at org.testng.internal.invokers.TestMethodWorker.invokeBeforeClassMethods(TestMethodWorker.java:188)
at org.testng.internal.invokers.TestMethodWorker.run(TestMethodWorker.java:128)
at java.base/java.util.ArrayList.forEach(ArrayList.java:1596)
at org.testng.TestRunner.privateRun(TestRunner.java:741)
at org.testng.TestRunner.run(TestRunner.java:616)
at org.testng.SuiteRunner.runTest(SuiteRunner.java:421)
at org.testng.SuiteRunner.runSequentially(SuiteRunner.java:413)
at org.testng.SuiteRunner.privateRun(SuiteRunner.java:373)
at org.testng.SuiteRunner.run(SuiteRunner.java:312)
at org.testng.SuiteRunnerWorker.runSuite(SuiteRunnerWorker.java:52)
at org.testng.SuiteRunnerWorker.run(SuiteRunnerWorker.java:95)
at org.testng.TestNG.runSuitesSequentially(TestNG.java:1274)
at org.testng.TestNG.runSuitesLocally(TestNG.java:1208)
at org.testng.TestNG.runSuites(TestNG.java:1112)
at org.testng.TestNG.run(TestNG.java:1079)
at org.testng.remote.AbstractRemoteTestNG.run(AbstractRemoteTestNG.java:115)
at org.testng.remote.RemoteTestNG.initAndRun(RemoteTestNG.java:293)
at org.testng.remote.RemoteTestNG.main(RemoteTestNG.java:91)
]]>
    </error>
  </testcase> <!-- SetUp -->
  <testcase classname="test.MoneylinkTest" name="open_moneylink" time="0.001">
    <skipped/>
  </testcase> <!-- open_moneylink -->
  <testcase classname="test.MoneylinkTest" name="moneylink_quickentry" time="0.000">
    <skipped/>
  </testcase> <!-- moneylink_quickentry -->
  <testcase classname="test.MoneylinkTest" name="DR_Bulkentries" time="29.902"/>
  <testcase classname="test.MoneylinkTest" name="DR_Bulkentries" time="0.000">
    <skipped/>
  </testcase> <!-- DR_Bulkentries -->
  <testcase classname="test.MoneylinkTest" name="moneylink_quickentry" time="15.896"/>
  <testcase classname="test.MoneylinkTest" name="single_transaction_accounting" time="35.599"/>
  <testcase classname="test.MoneylinkTest" name="reset_moneylinktransaction" time="34.980"/>
  <testcase classname="test.MoneylinkTest" name="init" time="0.005">
    <error message="Driver must be set" type="java.lang.IllegalArgumentException">
      <![CDATA[java.lang.IllegalArgumentException: Driver must be set
at org.openqa.selenium.internal.Require.nonNull(Require.java:63)
at org.openqa.selenium.interactions.Actions.<init>(Actions.java:67)
at org.openqa.selenium.interactions.Actions.<init>(Actions.java:63)
at pages.Moneylink.<init>(Moneylink.java:43)
at test.MoneylinkTest.init(MoneylinkTest.java:26)
at java.base/jdk.internal.reflect.DirectMethodHandleAccessor.invoke(DirectMethodHandleAccessor.java:103)
at java.base/java.lang.reflect.Method.invoke(Method.java:580)
at org.testng.internal.invokers.MethodInvocationHelper.invokeMethod(MethodInvocationHelper.java:141)
at org.testng.internal.invokers.MethodInvocationHelper.invokeMethodConsideringTimeout(MethodInvocationHelper.java:71)
at org.testng.internal.invokers.ConfigInvoker.invokeConfigurationMethod(ConfigInvoker.java:400)
at org.testng.internal.invokers.ConfigInvoker.invokeConfigurations(ConfigInvoker.java:333)
at org.testng.internal.invokers.TestMethodWorker.invokeBeforeClassMethods(TestMethodWorker.java:188)
at org.testng.internal.invokers.TestMethodWorker.run(TestMethodWorker.java:128)
at java.base/java.util.ArrayList.forEach(ArrayList.java:1596)
at org.testng.TestRunner.privateRun(TestRunner.java:741)
at org.testng.TestRunner.run(TestRunner.java:616)
at org.testng.SuiteRunner.runTest(SuiteRunner.java:421)
at org.testng.SuiteRunner.runSequentially(SuiteRunner.java:413)
at org.testng.SuiteRunner.privateRun(SuiteRunner.java:373)
at org.testng.SuiteRunner.run(SuiteRunner.java:312)
at org.testng.SuiteRunnerWorker.runSuite(SuiteRunnerWorker.java:52)
at org.testng.SuiteRunnerWorker.run(SuiteRunnerWorker.java:95)
at org.testng.TestNG.runSuitesSequentially(TestNG.java:1274)
at org.testng.TestNG.runSuitesLocally(TestNG.java:1208)
at org.testng.TestNG.runSuites(TestNG.java:1112)
at org.testng.TestNG.run(TestNG.java:1079)
at org.testng.remote.AbstractRemoteTestNG.run(AbstractRemoteTestNG.java:115)
at org.testng.remote.RemoteTestNG.initAndRun(RemoteTestNG.java:293)
at org.testng.remote.RemoteTestNG.main(RemoteTestNG.java:91)
]]>
    </error>
  </testcase> <!-- init -->
</testsuite> <!-- test.MoneylinkTest -->
