<?xml version="1.0" encoding="UTF-8"?>
<!-- Generated by org.testng.reporters.JUnitReportReporter -->
<testsuite hostname="DESKTOP-ASU5UF1" failures="0" tests="15" name="test.SnapshotTest" time="211.895" errors="1" timestamp="2026-09-04T15:58:00 IST" skipped="7">
  <testcase classname="test.SnapshotTest" name="Snapshot_quickentry" time="0.000">
    <skipped/>
  </testcase> <!-- Snapshot_quickentry -->
  <testcase classname="test.SnapshotTest" name="ExcelImport" time="55.449"/>
  <testcase classname="test.SnapshotTest" name="bulkaction" time="0.001">
    <skipped/>
  </testcase> <!-- bulkaction -->
  <testcase classname="test.SnapshotTest" name="Delete_SelectedSnapshot" time="0.001">
    <skipped/>
  </testcase> <!-- Delete_SelectedSnapshot -->
  <testcase classname="test.SnapshotTest" name="delete_snapshot" time="6.914"/>
  <testcase classname="test.SnapshotTest" name="Bulk_Upload" time="62.808"/>
  <testcase classname="test.SnapshotTest" name="Snapshot_quickentry" time="28.355"/>
  <testcase classname="test.SnapshotTest" name="Bulk_Upload" time="0.000">
    <skipped/>
  </testcase> <!-- Bulk_Upload -->
  <testcase classname="test.SnapshotTest" name="Delete_SelectedSnapshot" time="22.923"/>
  <testcase classname="test.SnapshotTest" name="createSnapshot" time="12.988"/>
  <testcase classname="test.SnapshotTest" name="SetUp" time="6.944">
    <error message="invalid session id: session deleted as the browser has closed the connection
from disconnected: not connected to DevTools
  (Session info: MicrosoftEdge=149.0.4022.80)
Build info: version: &#039;4.35.0&#039;, revision: &#039;1c58e5028b&#039;
System info: os.name: &#039;Windows 11&#039;, os.arch: &#039;amd64&#039;, os.version: &#039;10.0&#039;, java.version: &#039;21.0.12&#039;
Driver info: org.openqa.selenium.edge.EdgeDriver
Command: [294ce75d3aa9112a44e804bc17e787df, findElement {using=name, value=emailId}]
Capabilities {acceptInsecureCerts: false, browserName: MicrosoftEdge, browserVersion: 149.0.4022.80, fedcm:accounts: true, goog:processID: 26548, ms:edgeOptions: {debuggerAddress: localhost:56560}, msedge: {msedgedriverVersion: 149.0.4022.98 (d8414318246f..., userDataDir: C:\Users\DELL\AppData\Local...}, networkConnectionEnabled: false, pageLoadStrategy: normal, platformName: windows, proxy: Proxy(), se:cdp: ws://localhost:56560/devtoo..., se:cdpVersion: 149.0.4022.80, setWindowRect: true, strictFileInteractability: false, timeouts: {implicit: 0, pageLoad: 300000, script: 30000}, unhandledPromptBehavior: dismiss and notify, webauthn:extension:credBlob: true, webauthn:extension:largeBlob: true, webauthn:extension:minPinLength: true, webauthn:extension:prf: true, webauthn:virtualAuthenticators: true}
Session ID: 294ce75d3aa9112a44e804bc17e787df" type="org.openqa.selenium.NoSuchSessionException">
      <![CDATA[org.openqa.selenium.NoSuchSessionException: invalid session id: session deleted as the browser has closed the connection
from disconnected: not connected to DevTools
  (Session info: MicrosoftEdge=149.0.4022.80)
Build info: version: '4.35.0', revision: '1c58e5028b'
System info: os.name: 'Windows 11', os.arch: 'amd64', os.version: '10.0', java.version: '21.0.12'
Driver info: org.openqa.selenium.edge.EdgeDriver
Command: [294ce75d3aa9112a44e804bc17e787df, findElement {using=name, value=emailId}]
Capabilities {acceptInsecureCerts: false, browserName: MicrosoftEdge, browserVersion: 149.0.4022.80, fedcm:accounts: true, goog:processID: 26548, ms:edgeOptions: {debuggerAddress: localhost:56560}, msedge: {msedgedriverVersion: 149.0.4022.98 (d8414318246f..., userDataDir: C:\Users\DELL\AppData\Local...}, networkConnectionEnabled: false, pageLoadStrategy: normal, platformName: windows, proxy: Proxy(), se:cdp: ws://localhost:56560/devtoo..., se:cdpVersion: 149.0.4022.80, setWindowRect: true, strictFileInteractability: false, timeouts: {implicit: 0, pageLoad: 300000, script: 30000}, unhandledPromptBehavior: dismiss and notify, webauthn:extension:credBlob: true, webauthn:extension:largeBlob: true, webauthn:extension:minPinLength: true, webauthn:extension:prf: true, webauthn:virtualAuthenticators: true}
Session ID: 294ce75d3aa9112a44e804bc17e787df
at java.base/jdk.internal.reflect.DirectConstructorHandleAccessor.newInstance(DirectConstructorHandleAccessor.java:62)
at java.base/java.lang.reflect.Constructor.newInstanceWithCaller(Constructor.java:502)
at java.base/java.lang.reflect.Constructor.newInstance(Constructor.java:486)
at org.openqa.selenium.remote.ErrorCodec.decode(ErrorCodec.java:167)
at org.openqa.selenium.remote.codec.w3c.W3CHttpResponseCodec.decode(W3CHttpResponseCodec.java:138)
at org.openqa.selenium.remote.codec.w3c.W3CHttpResponseCodec.decode(W3CHttpResponseCodec.java:50)
at org.openqa.selenium.remote.HttpCommandExecutor.execute(HttpCommandExecutor.java:215)
at org.openqa.selenium.remote.service.DriverCommandExecutor.invokeExecute(DriverCommandExecutor.java:216)
at org.openqa.selenium.remote.service.DriverCommandExecutor.execute(DriverCommandExecutor.java:174)
at org.openqa.selenium.remote.RemoteWebDriver.execute(RemoteWebDriver.java:557)
at org.openqa.selenium.remote.ElementLocation$ElementFinder$2.findElement(ElementLocation.java:165)
at org.openqa.selenium.remote.ElementLocation.findElement(ElementLocation.java:66)
at org.openqa.selenium.remote.RemoteWebDriver.findElement(RemoteWebDriver.java:380)
at org.openqa.selenium.remote.RemoteWebDriver.findElement(RemoteWebDriver.java:374)
at org.openqa.selenium.support.pagefactory.DefaultElementLocator.findElement(DefaultElementLocator.java:68)
at org.openqa.selenium.support.pagefactory.internal.LocatingElementHandler.invoke(LocatingElementHandler.java:38)
at jdk.proxy2/jdk.proxy2.$Proxy31.sendKeys(Unknown Source)
at pages.LogInPage.performLogin(LogInPage.java:76)
at base.BaseTestUpdated.SetUp(BaseTestUpdated.java:35)
at java.base/jdk.internal.reflect.DirectMethodHandleAccessor.invoke(DirectMethodHandleAccessor.java:103)
at java.base/java.lang.reflect.Method.invoke(Method.java:580)
at org.testng.internal.invokers.MethodInvocationHelper.invokeMethod(MethodInvocationHelper.java:141)
at org.testng.internal.invokers.MethodInvocationHelper.invokeMethodConsideringTimeout(MethodInvocationHelper.java:71)
at org.testng.internal.invokers.ConfigInvoker.invokeConfigurationMethod(ConfigInvoker.java:400)
at org.testng.internal.invokers.ConfigInvoker.invokeConfigurations(ConfigInvoker.java:333)
at org.testng.internal.invokers.TestMethodWorker.invokeBeforeClassMethods(TestMethodWorker.java:188)
at org.testng.internal.invokers.TestMethodWorker.run(TestMethodWorker.java:128)
at java.base/java.util.ArrayList.forEach(ArrayList.java:1596)
at org.testng.TestRunner.privateRun(TestRunner.java:741)
at org.testng.TestRunner.run(TestRunner.java:616)
at org.testng.SuiteRunner.runTest(SuiteRunner.java:421)
at org.testng.SuiteRunner.runSequentially(SuiteRunner.java:413)
at org.testng.SuiteRunner.privateRun(SuiteRunner.java:373)
at org.testng.SuiteRunner.run(SuiteRunner.java:312)
at org.testng.SuiteRunnerWorker.runSuite(SuiteRunnerWorker.java:52)
at org.testng.SuiteRunnerWorker.run(SuiteRunnerWorker.java:95)
at org.testng.TestNG.runSuitesSequentially(TestNG.java:1274)
at org.testng.TestNG.runSuitesLocally(TestNG.java:1208)
at org.testng.TestNG.runSuites(TestNG.java:1112)
at org.testng.TestNG.run(TestNG.java:1079)
at org.testng.remote.AbstractRemoteTestNG.run(AbstractRemoteTestNG.java:115)
at org.testng.remote.RemoteTestNG.initAndRun(RemoteTestNG.java:293)
at org.testng.remote.RemoteTestNG.main(RemoteTestNG.java:91)
]]>
    </error>
  </testcase> <!-- SetUp -->
  <testcase classname="test.SnapshotTest" name="delete_snapshot" time="0.000">
    <skipped/>
  </testcase> <!-- delete_snapshot -->
  <testcase classname="test.SnapshotTest" name="createSnapshot" time="0.000">
    <skipped/>
  </testcase> <!-- createSnapshot -->
  <testcase classname="test.SnapshotTest" name="ExcelImport" time="0.001">
    <skipped/>
  </testcase> <!-- ExcelImport -->
  <testcase classname="test.SnapshotTest" name="bulkaction" time="15.511"/>
</testsuite> <!-- test.SnapshotTest -->
