<?xml version="1.0" encoding="UTF-8"?>
<!-- Generated by org.testng.reporters.JUnitReportReporter -->
<testsuite hostname="DESKTOP-ASU5UF1" failures="0" tests="6" name="TestNG.TestNG.MoneylinkTest" time="129.372" errors="0" timestamp="2026-03-13T13:28:58 IST" skipped="0">
  <testcase classname="TestNG.TestNG.MoneylinkTest" name="DR_Bulkentries" time="24.762"/>
  <testcase classname="TestNG.TestNG.MoneylinkTest" name="CR_Bulkentries" time="21.850"/>
  <testcase classname="TestNG.TestNG.MoneylinkTest" name="open_moneylink" time="10.490"/>
  <testcase classname="TestNG.TestNG.MoneylinkTest" name="moneylink_quickentry" time="13.479"/>
  <testcase classname="TestNG.TestNG.MoneylinkTest" name="single_transaction_accounting" time="29.345"/>
  <testcase classname="TestNG.TestNG.MoneylinkTest" name="reset_moneylinktransaction" time="29.446"/>
</testsuite> <!-- TestNG.TestNG.MoneylinkTest -->
