<?xml version="1.0" encoding="UTF-8"?>
<!-- Generated by org.testng.reporters.JUnitReportReporter -->
<testsuite hostname="DESKTOP-ASU5UF1" failures="0" tests="7" name="test.SnapshotTest" time="165.433" errors="0" timestamp="2026-06-14T13:54:55 IST" skipped="0">
  <testcase classname="test.SnapshotTest" name="createSnapshot" time="13.063"/>
  <testcase classname="test.SnapshotTest" name="delete_snapshot" time="6.739"/>
  <testcase classname="test.SnapshotTest" name="Snapshot_quickentry" time="17.939"/>
  <testcase classname="test.SnapshotTest" name="Delete_SelectedSnapshot" time="15.751"/>
  <testcase classname="test.SnapshotTest" name="ExcelImport" time="29.088"/>
  <testcase classname="test.SnapshotTest" name="Bulk_Upload" time="65.084"/>
  <testcase classname="test.SnapshotTest" name="bulkaction" time="17.769"/>
</testsuite> <!-- test.SnapshotTest -->
