<?xml version="1.0" encoding="UTF-8"?>
<!-- Generated by org.testng.reporters.JUnitReportReporter -->
<testsuite hostname="DESKTOP-ASU5UF1" failures="0" tests="5" name="TestNG.TestNG.SnapshotTest" time="75.929" errors="0" timestamp="2026-03-13T13:28:58 IST" skipped="0">
  <testcase classname="TestNG.TestNG.SnapshotTest" name="delete_snapshot" time="6.317"/>
  <testcase classname="TestNG.TestNG.SnapshotTest" name="Snapshot_quickentry" time="20.495"/>
  <testcase classname="TestNG.TestNG.SnapshotTest" name="createSnapshot" time="9.613"/>
  <testcase classname="TestNG.TestNG.SnapshotTest" name="bulkaction" time="11.368"/>
  <testcase classname="TestNG.TestNG.SnapshotTest" name="ExcelImport" time="28.136"/>
</testsuite> <!-- TestNG.TestNG.SnapshotTest -->
