<?xml version="1.0" encoding="UTF-8"?>
<!-- Generated by org.testng.reporters.JUnitReportReporter -->
<testsuite hostname="DESKTOP-ASU5UF1" failures="0" tests="4" name="test.BankTest" time="22.047" errors="0" timestamp="2026-09-09T13:38:41 IST" skipped="0">
  <testcase classname="test.BankTest" name="Addbank" time="6.702"/>
  <testcase classname="test.BankTest" name="OpenBankingModule" time="0.489"/>
  <testcase classname="test.BankTest" name="update_Bank" time="7.679"/>
  <testcase classname="test.BankTest" name="deleteBank" time="7.177"/>
</testsuite> <!-- test.BankTest -->
