<?xml version="1.0" encoding="UTF-8"?>
<!-- Generated by org.testng.reporters.JUnitXMLReporter -->
<testsuite ignored="10" hostname="DESKTOP-ASU5UF1" failures="1" tests="16" name="Test" time="260.526" errors="0" timestamp="2026-03-13T13:28:57 IST">
  <testcase classname="TestNG.TestNG.DashboardTest" name="dashboard_module" time="16.038"/>
  <testcase classname="TestNG.TestNG.BankTest" name="add_bank" time="8.89"/>
  <testcase classname="TestNG.TestNG.BankTest" name="delete_bank" time="14.014"/>
  <testcase classname="TestNG.TestNG.SnapshotTest" name="createSnapshot" time="9.613"/>
  <testcase classname="TestNG.TestNG.SnapshotTest" name="delete_snapshot" time="6.317"/>
  <testcase classname="TestNG.TestNG.SnapshotTest" name="Snapshot_quickentry" time="20.495"/>
  <testcase classname="TestNG.TestNG.SnapshotTest" name="bulkaction" time="11.368"/>
  <testcase classname="TestNG.TestNG.SnapshotTest" name="ExcelImport" time="28.136"/>
  <testcase classname="TestNG.TestNG.MoneylinkTest" name="open_moneylink" time="10.49"/>
  <testcase classname="TestNG.TestNG.MoneylinkTest" name="reset_moneylinktransaction" time="29.446"/>
  <testcase classname="TestNG.TestNG.MoneylinkTest" name="single_transaction_accounting" time="29.345"/>
  <testcase classname="TestNG.TestNG.MoneylinkTest" name="moneylink_quickentry" time="13.479"/>
  <testcase classname="TestNG.TestNG.MoneylinkTest" name="CR_Bulkentries" time="21.85"/>
  <testcase classname="TestNG.TestNG.MoneylinkTest" name="DR_Bulkentries" time="24.762"/>
  <testcase classname="TestNG.TestNG.ReportsTest" name="Export_Report" time="2.2">
    <failure type="org.openqa.selenium.interactions.MoveTargetOutOfBoundsException" message="move target out of bounds
  (Session info: chrome=145.0.7632.117)
Build info: version: &amp;apos;4.35.0&amp;apos;, revision: &amp;apos;1c58e5028b&amp;apos;
System info: os.name: &amp;apos;Windows 11&amp;apos;, os.arch: &amp;apos;amd64&amp;apos;, os.version: &amp;apos;10.0&amp;apos;, java.version: &amp;apos;22.0.1&amp;apos;
Driver info: org.openqa.selenium.chrome.ChromeDriver
Command: [e28ab4235c26fb68894d70c9a07afc6a, actions {actions=[org.openqa.selenium.interactions.Sequence@6f0df74]}]
Capabilities {acceptInsecureCerts: false, browserName: chrome, browserVersion: 145.0.7632.117, chrome: {chromedriverVersion: 145.0.7632.117 (de4e5d6e13b..., userDataDir: C:\Users\DELL\AppData\Local...}, fedcm:accounts: true, goog:chromeOptions: {debuggerAddress: localhost:52024}, goog:processID: 16692, networkConnectionEnabled: false, pageLoadStrategy: normal, platformName: windows, proxy: Proxy(), se:cdp: ws://localhost:52024/devtoo..., se:cdpVersion: 145.0.7632.117, setWindowRect: true, strictFileInteractability: false, timeouts: {implicit: 0, pageLoad: 300000, script: 30000}, unhandledPromptBehavior: dismiss and notify, webauthn:extension:credBlob: true, webauthn:extension:largeBlob: true, webauthn:extension:minPinLength: true, webauthn:extension:prf: true, webauthn:virtualAuthenticators: true}
Session ID: e28ab4235c26fb68894d70c9a07afc6a">
      <![CDATA[org.openqa.selenium.interactions.MoveTargetOutOfBoundsException: move target out of bounds
  (Session info: chrome=145.0.7632.117)
Build info: version: '4.35.0', revision: '1c58e5028b'
System info: os.name: 'Windows 11', os.arch: 'amd64', os.version: '10.0', java.version: '22.0.1'
Driver info: org.openqa.selenium.chrome.ChromeDriver
Command: [e28ab4235c26fb68894d70c9a07afc6a, actions {actions=[org.openqa.selenium.interactions.Sequence@6f0df74]}]
Capabilities {acceptInsecureCerts: false, browserName: chrome, browserVersion: 145.0.7632.117, chrome: {chromedriverVersion: 145.0.7632.117 (de4e5d6e13b..., userDataDir: C:\Users\DELL\AppData\Local...}, fedcm:accounts: true, goog:chromeOptions: {debuggerAddress: localhost:52024}, goog:processID: 16692, networkConnectionEnabled: false, pageLoadStrategy: normal, platformName: windows, proxy: Proxy(), se:cdp: ws://localhost:52024/devtoo..., se:cdpVersion: 145.0.7632.117, setWindowRect: true, strictFileInteractability: false, timeouts: {implicit: 0, pageLoad: 300000, script: 30000}, unhandledPromptBehavior: dismiss and notify, webauthn:extension:credBlob: true, webauthn:extension:largeBlob: true, webauthn:extension:minPinLength: true, webauthn:extension:prf: true, webauthn:virtualAuthenticators: true}
Session ID: e28ab4235c26fb68894d70c9a07afc6a
at org.openqa.selenium.remote.ErrorCodec.decode(ErrorCodec.java:167)
at org.openqa.selenium.remote.codec.w3c.W3CHttpResponseCodec.decode(W3CHttpResponseCodec.java:138)
at org.openqa.selenium.remote.codec.w3c.W3CHttpResponseCodec.decode(W3CHttpResponseCodec.java:50)
at org.openqa.selenium.remote.HttpCommandExecutor.execute(HttpCommandExecutor.java:215)
at org.openqa.selenium.remote.service.DriverCommandExecutor.invokeExecute(DriverCommandExecutor.java:216)
at org.openqa.selenium.remote.service.DriverCommandExecutor.execute(DriverCommandExecutor.java:174)
at org.openqa.selenium.remote.RemoteWebDriver.execute(RemoteWebDriver.java:557)
at org.openqa.selenium.remote.RemoteWebDriver.perform(RemoteWebDriver.java:643)
at org.openqa.selenium.interactions.Actions$BuiltAction.perform(Actions.java:616)
at org.openqa.selenium.interactions.Actions.perform(Actions.java:581)
at Buktec.Reports.reports(Reports.java:47)
at TestNG.TestNG.ReportsTest.Export_Report(ReportsTest.java:27)
at java.base/java.util.ArrayList.forEach(ArrayList.java:1597)
... Removed 28 stack frames]]>
    </failure>
  </testcase> <!-- Export_Report -->
  <testcase classname="TestNG.TestNG.UpdatedetailsTest" name="update_accountdetails" time="13.46"/>
  <testcase classname="TestNG.TestNG.BaseTest" name="@AfterSuite tearDownSuite" time="0.0">
    <ignored/>
  </testcase> <!-- @AfterSuite tearDownSuite -->
  <testcase classname="TestNG.TestNG.BaseTest" name="@AfterSuite tearDownSuite" time="0.0">
    <ignored/>
  </testcase> <!-- @AfterSuite tearDownSuite -->
  <testcase classname="TestNG.TestNG.BaseTest" name="@AfterSuite tearDownSuite" time="0.0">
    <ignored/>
  </testcase> <!-- @AfterSuite tearDownSuite -->
  <testcase classname="TestNG.TestNG.BaseTest" name="@BeforeSuite setupSuite" time="0.0">
    <ignored/>
  </testcase> <!-- @BeforeSuite setupSuite -->
  <testcase classname="TestNG.TestNG.BaseTest" name="@BeforeSuite setupSuite" time="0.0">
    <ignored/>
  </testcase> <!-- @BeforeSuite setupSuite -->
  <testcase classname="TestNG.TestNG.BaseTest" name="@BeforeSuite setupSuite" time="0.0">
    <ignored/>
  </testcase> <!-- @BeforeSuite setupSuite -->
  <testcase classname="TestNG.TestNG.BaseTest" name="@AfterSuite tearDownSuite" time="0.0">
    <ignored/>
  </testcase> <!-- @AfterSuite tearDownSuite -->
  <testcase classname="TestNG.TestNG.BaseTest" name="@AfterSuite tearDownSuite" time="0.0">
    <ignored/>
  </testcase> <!-- @AfterSuite tearDownSuite -->
  <testcase classname="TestNG.TestNG.BaseTest" name="@BeforeSuite setupSuite" time="0.0">
    <ignored/>
  </testcase> <!-- @BeforeSuite setupSuite -->
  <testcase classname="TestNG.TestNG.BaseTest" name="@BeforeSuite setupSuite" time="0.0">
    <ignored/>
  </testcase> <!-- @BeforeSuite setupSuite -->
</testsuite> <!-- Test -->
